{"/Users/nocfer/Documents/git/nocfer/progressive-workout-expo/context/DataContext.tsx": {"path":"/Users/nocfer/Documents/git/nocfer/progressive-workout-expo/context/DataContext.tsx","all":false,"statementMap":{"0":{"start":{"line":1,"column":0},"end":{"line":1,"column":3}},"110":{"start":{"line":111,"column":0},"end":{"line":111,"column":60}},"111":{"start":{"line":112,"column":0},"end":{"line":112,"column":16}},"112":{"start":{"line":113,"column":0},"end":{"line":113,"column":25}},"113":{"start":{"line":114,"column":0},"end":{"line":114,"column":15}},"114":{"start":{"line":115,"column":0},"end":{"line":115,"column":24}},"115":{"start":{"line":116,"column":0},"end":{"line":116,"column":26}},"116":{"start":{"line":117,"column":0},"end":{"line":117,"column":21}},"117":{"start":{"line":118,"column":0},"end":{"line":118,"column":20}},"118":{"start":{"line":119,"column":0},"end":{"line":119,"column":22}},"120":{"start":{"line":121,"column":0},"end":{"line":121,"column":25}},"121":{"start":{"line":122,"column":0},"end":{"line":122,"column":23}},"122":{"start":{"line":123,"column":0},"end":{"line":123,"column":36}},"123":{"start":{"line":124,"column":0},"end":{"line":124,"column":14}},"124":{"start":{"line":125,"column":0},"end":{"line":125,"column":2}},"126":{"start":{"line":127,"column":0},"end":{"line":127,"column":28}},"127":{"start":{"line":128,"column":0},"end":{"line":128,"column":39}},"128":{"start":{"line":129,"column":0},"end":{"line":129,"column":20}},"129":{"start":{"line":130,"column":0},"end":{"line":130,"column":34}},"130":{"start":{"line":131,"column":0},"end":{"line":131,"column":24}},"131":{"start":{"line":132,"column":0},"end":{"line":132,"column":25}},"132":{"start":{"line":133,"column":0},"end":{"line":133,"column":80}},"133":{"start":{"line":134,"column":0},"end":{"line":134,"column":33}},"134":{"start":{"line":135,"column":0},"end":{"line":135,"column":60}},"135":{"start":{"line":136,"column":0},"end":{"line":136,"column":24}},"136":{"start":{"line":137,"column":0},"end":{"line":137,"column":77}},"137":{"start":{"line":138,"column":0},"end":{"line":138,"column":32}},"138":{"start":{"line":139,"column":0},"end":{"line":139,"column":59}},"139":{"start":{"line":140,"column":0},"end":{"line":140,"column":35}},"140":{"start":{"line":141,"column":0},"end":{"line":141,"column":58}},"141":{"start":{"line":142,"column":0},"end":{"line":142,"column":38}},"142":{"start":{"line":143,"column":0},"end":{"line":143,"column":70}},"143":{"start":{"line":144,"column":0},"end":{"line":144,"column":37}},"144":{"start":{"line":145,"column":0},"end":{"line":145,"column":68}},"145":{"start":{"line":146,"column":0},"end":{"line":146,"column":39}},"146":{"start":{"line":147,"column":0},"end":{"line":147,"column":72}},"147":{"start":{"line":148,"column":0},"end":{"line":148,"column":23}},"148":{"start":{"line":149,"column":0},"end":{"line":149,"column":14}},"149":{"start":{"line":150,"column":0},"end":{"line":150,"column":17}},"150":{"start":{"line":151,"column":0},"end":{"line":151,"column":51}},"151":{"start":{"line":152,"column":0},"end":{"line":152,"column":49}},"152":{"start":{"line":153,"column":0},"end":{"line":153,"column":52}},"153":{"start":{"line":154,"column":0},"end":{"line":154,"column":8}},"154":{"start":{"line":155,"column":0},"end":{"line":155,"column":12}},"155":{"start":{"line":156,"column":0},"end":{"line":156,"column":19}},"156":{"start":{"line":157,"column":0},"end":{"line":157,"column":3}},"157":{"start":{"line":158,"column":0},"end":{"line":158,"column":1}},"163":{"start":{"line":164,"column":0},"end":{"line":164,"column":65}},"169":{"start":{"line":170,"column":0},"end":{"line":170,"column":69}},"170":{"start":{"line":171,"column":0},"end":{"line":171,"column":66}},"172":{"start":{"line":173,"column":0},"end":{"line":173,"column":54}},"173":{"start":{"line":174,"column":0},"end":{"line":174,"column":57}},"174":{"start":{"line":175,"column":0},"end":{"line":175,"column":56}},"176":{"start":{"line":177,"column":0},"end":{"line":177,"column":53}},"177":{"start":{"line":178,"column":0},"end":{"line":178,"column":65}},"178":{"start":{"line":179,"column":0},"end":{"line":179,"column":40}},"180":{"start":{"line":181,"column":0},"end":{"line":181,"column":34}},"181":{"start":{"line":182,"column":0},"end":{"line":182,"column":50}},"183":{"start":{"line":184,"column":0},"end":{"line":184,"column":34}},"184":{"start":{"line":185,"column":0},"end":{"line":185,"column":75}},"185":{"start":{"line":186,"column":0},"end":{"line":186,"column":19}},"186":{"start":{"line":187,"column":0},"end":{"line":187,"column":9}},"188":{"start":{"line":189,"column":0},"end":{"line":189,"column":32}},"189":{"start":{"line":190,"column":0},"end":{"line":190,"column":23}},"190":{"start":{"line":191,"column":0},"end":{"line":191,"column":25}},"191":{"start":{"line":192,"column":0},"end":{"line":192,"column":44}},"192":{"start":{"line":193,"column":0},"end":{"line":193,"column":68}},"193":{"start":{"line":194,"column":0},"end":{"line":194,"column":13}},"194":{"start":{"line":195,"column":0},"end":{"line":195,"column":19}},"195":{"start":{"line":196,"column":0},"end":{"line":196,"column":9}},"197":{"start":{"line":198,"column":0},"end":{"line":198,"column":44}},"200":{"start":{"line":201,"column":0},"end":{"line":201,"column":73}},"201":{"start":{"line":202,"column":0},"end":{"line":202,"column":23}},"202":{"start":{"line":203,"column":0},"end":{"line":203,"column":29}},"203":{"start":{"line":204,"column":0},"end":{"line":204,"column":51}},"204":{"start":{"line":205,"column":0},"end":{"line":205,"column":23}},"205":{"start":{"line":206,"column":0},"end":{"line":206,"column":74}},"206":{"start":{"line":207,"column":0},"end":{"line":207,"column":28}},"207":{"start":{"line":208,"column":0},"end":{"line":208,"column":51}},"208":{"start":{"line":209,"column":0},"end":{"line":209,"column":35}},"209":{"start":{"line":210,"column":0},"end":{"line":210,"column":28}},"210":{"start":{"line":211,"column":0},"end":{"line":211,"column":65}},"211":{"start":{"line":212,"column":0},"end":{"line":212,"column":13}},"212":{"start":{"line":213,"column":0},"end":{"line":213,"column":19}},"213":{"start":{"line":214,"column":0},"end":{"line":214,"column":9}},"216":{"start":{"line":217,"column":0},"end":{"line":217,"column":69}},"217":{"start":{"line":218,"column":0},"end":{"line":218,"column":34}},"218":{"start":{"line":219,"column":0},"end":{"line":219,"column":43}},"219":{"start":{"line":220,"column":0},"end":{"line":220,"column":39}},"221":{"start":{"line":222,"column":0},"end":{"line":222,"column":39}},"222":{"start":{"line":223,"column":0},"end":{"line":223,"column":28}},"223":{"start":{"line":224,"column":0},"end":{"line":224,"column":75}},"224":{"start":{"line":225,"column":0},"end":{"line":225,"column":41}},"225":{"start":{"line":226,"column":0},"end":{"line":226,"column":69}},"226":{"start":{"line":227,"column":0},"end":{"line":227,"column":30}},"227":{"start":{"line":228,"column":0},"end":{"line":228,"column":70}},"228":{"start":{"line":229,"column":0},"end":{"line":229,"column":63}},"229":{"start":{"line":230,"column":0},"end":{"line":230,"column":38}},"230":{"start":{"line":231,"column":0},"end":{"line":231,"column":53}},"231":{"start":{"line":232,"column":0},"end":{"line":232,"column":9}},"233":{"start":{"line":234,"column":0},"end":{"line":234,"column":21}},"234":{"start":{"line":235,"column":0},"end":{"line":235,"column":27}},"235":{"start":{"line":236,"column":0},"end":{"line":236,"column":49}},"236":{"start":{"line":237,"column":0},"end":{"line":237,"column":21}},"237":{"start":{"line":238,"column":0},"end":{"line":238,"column":68}},"238":{"start":{"line":239,"column":0},"end":{"line":239,"column":11}},"240":{"start":{"line":241,"column":0},"end":{"line":241,"column":61}},"241":{"start":{"line":242,"column":0},"end":{"line":242,"column":62}},"242":{"start":{"line":243,"column":0},"end":{"line":243,"column":77}},"243":{"start":{"line":244,"column":0},"end":{"line":244,"column":9}},"244":{"start":{"line":245,"column":0},"end":{"line":245,"column":7}},"246":{"start":{"line":247,"column":0},"end":{"line":247,"column":14}},"247":{"start":{"line":248,"column":0},"end":{"line":248,"column":64}},"248":{"start":{"line":249,"column":0},"end":{"line":249,"column":63}},"249":{"start":{"line":250,"column":0},"end":{"line":250,"column":14}},"250":{"start":{"line":251,"column":0},"end":{"line":251,"column":8}},"251":{"start":{"line":252,"column":0},"end":{"line":252,"column":7}},"253":{"start":{"line":254,"column":0},"end":{"line":254,"column":29}},"254":{"start":{"line":255,"column":0},"end":{"line":255,"column":29}},"255":{"start":{"line":256,"column":0},"end":{"line":256,"column":33}},"256":{"start":{"line":257,"column":0},"end":{"line":257,"column":18}},"257":{"start":{"line":258,"column":0},"end":{"line":258,"column":70}},"258":{"start":{"line":259,"column":0},"end":{"line":259,"column":29}},"259":{"start":{"line":260,"column":0},"end":{"line":260,"column":65}},"260":{"start":{"line":261,"column":0},"end":{"line":261,"column":65}},"261":{"start":{"line":262,"column":0},"end":{"line":262,"column":57}},"262":{"start":{"line":263,"column":0},"end":{"line":263,"column":6}},"265":{"start":{"line":266,"column":0},"end":{"line":266,"column":69}},"266":{"start":{"line":267,"column":0},"end":{"line":267,"column":39}},"267":{"start":{"line":268,"column":0},"end":{"line":268,"column":32}},"268":{"start":{"line":269,"column":0},"end":{"line":269,"column":52}},"269":{"start":{"line":270,"column":0},"end":{"line":270,"column":64}},"270":{"start":{"line":271,"column":0},"end":{"line":271,"column":19}},"271":{"start":{"line":272,"column":0},"end":{"line":272,"column":74}},"272":{"start":{"line":273,"column":0},"end":{"line":273,"column":22}},"273":{"start":{"line":274,"column":0},"end":{"line":274,"column":78}},"274":{"start":{"line":275,"column":0},"end":{"line":275,"column":21}},"275":{"start":{"line":276,"column":0},"end":{"line":276,"column":75}},"276":{"start":{"line":277,"column":0},"end":{"line":277,"column":8}},"277":{"start":{"line":278,"column":0},"end":{"line":278,"column":5}},"279":{"start":{"line":280,"column":0},"end":{"line":280,"column":18}},"280":{"start":{"line":281,"column":0},"end":{"line":281,"column":3}},"283":{"start":{"line":284,"column":0},"end":{"line":284,"column":19}},"284":{"start":{"line":285,"column":0},"end":{"line":285,"column":23}},"285":{"start":{"line":286,"column":0},"end":{"line":286,"column":18}},"286":{"start":{"line":287,"column":0},"end":{"line":287,"column":11}},"287":{"start":{"line":288,"column":0},"end":{"line":288,"column":66}},"288":{"start":{"line":289,"column":0},"end":{"line":289,"column":24}},"289":{"start":{"line":290,"column":0},"end":{"line":290,"column":17}},"291":{"start":{"line":292,"column":0},"end":{"line":292,"column":71}},"292":{"start":{"line":293,"column":0},"end":{"line":293,"column":64}},"293":{"start":{"line":294,"column":0},"end":{"line":294,"column":21}},"294":{"start":{"line":295,"column":0},"end":{"line":295,"column":38}},"295":{"start":{"line":296,"column":0},"end":{"line":296,"column":13}},"296":{"start":{"line":297,"column":0},"end":{"line":297,"column":15}},"297":{"start":{"line":298,"column":0},"end":{"line":298,"column":33}},"298":{"start":{"line":299,"column":0},"end":{"line":299,"column":11}},"300":{"start":{"line":301,"column":0},"end":{"line":301,"column":58}},"301":{"start":{"line":302,"column":0},"end":{"line":302,"column":66}},"302":{"start":{"line":303,"column":0},"end":{"line":303,"column":66}},"303":{"start":{"line":304,"column":0},"end":{"line":304,"column":72}},"304":{"start":{"line":305,"column":0},"end":{"line":305,"column":48}},"305":{"start":{"line":306,"column":0},"end":{"line":306,"column":10}},"307":{"start":{"line":308,"column":0},"end":{"line":308,"column":20}},"308":{"start":{"line":309,"column":0},"end":{"line":309,"column":74}},"309":{"start":{"line":310,"column":0},"end":{"line":310,"column":15}},"310":{"start":{"line":311,"column":0},"end":{"line":311,"column":20}},"311":{"start":{"line":312,"column":0},"end":{"line":312,"column":70}},"312":{"start":{"line":313,"column":0},"end":{"line":313,"column":7}},"314":{"start":{"line":315,"column":0},"end":{"line":315,"column":11}},"315":{"start":{"line":316,"column":0},"end":{"line":316,"column":64}},"316":{"start":{"line":317,"column":0},"end":{"line":317,"column":24}},"317":{"start":{"line":318,"column":0},"end":{"line":318,"column":17}},"319":{"start":{"line":320,"column":0},"end":{"line":320,"column":70}},"320":{"start":{"line":321,"column":0},"end":{"line":321,"column":63}},"321":{"start":{"line":322,"column":0},"end":{"line":322,"column":21}},"322":{"start":{"line":323,"column":0},"end":{"line":323,"column":43}},"323":{"start":{"line":324,"column":0},"end":{"line":324,"column":13}},"324":{"start":{"line":325,"column":0},"end":{"line":325,"column":15}},"325":{"start":{"line":326,"column":0},"end":{"line":326,"column":32}},"326":{"start":{"line":327,"column":0},"end":{"line":327,"column":11}},"328":{"start":{"line":329,"column":0},"end":{"line":329,"column":56}},"329":{"start":{"line":330,"column":0},"end":{"line":330,"column":39}},"330":{"start":{"line":331,"column":0},"end":{"line":331,"column":45}},"331":{"start":{"line":332,"column":0},"end":{"line":332,"column":50}},"332":{"start":{"line":333,"column":0},"end":{"line":333,"column":9}},"333":{"start":{"line":334,"column":0},"end":{"line":334,"column":39}},"334":{"start":{"line":335,"column":0},"end":{"line":335,"column":45}},"335":{"start":{"line":336,"column":0},"end":{"line":336,"column":50}},"336":{"start":{"line":337,"column":0},"end":{"line":337,"column":9}},"337":{"start":{"line":338,"column":0},"end":{"line":338,"column":79}},"338":{"start":{"line":339,"column":0},"end":{"line":339,"column":38}},"339":{"start":{"line":340,"column":0},"end":{"line":340,"column":10}},"341":{"start":{"line":342,"column":0},"end":{"line":342,"column":20}},"342":{"start":{"line":343,"column":0},"end":{"line":343,"column":71}},"343":{"start":{"line":344,"column":0},"end":{"line":344,"column":15}},"344":{"start":{"line":345,"column":0},"end":{"line":345,"column":80}},"345":{"start":{"line":346,"column":0},"end":{"line":346,"column":7}},"346":{"start":{"line":347,"column":0},"end":{"line":347,"column":9}},"348":{"start":{"line":349,"column":0},"end":{"line":349,"column":18}},"349":{"start":{"line":350,"column":0},"end":{"line":350,"column":22}},"350":{"start":{"line":351,"column":0},"end":{"line":351,"column":6}},"351":{"start":{"line":352,"column":0},"end":{"line":352,"column":9}},"354":{"start":{"line":355,"column":0},"end":{"line":355,"column":19}},"355":{"start":{"line":356,"column":0},"end":{"line":356,"column":23}},"356":{"start":{"line":357,"column":0},"end":{"line":357,"column":18}},"357":{"start":{"line":358,"column":0},"end":{"line":358,"column":11}},"358":{"start":{"line":359,"column":0},"end":{"line":359,"column":58}},"359":{"start":{"line":360,"column":0},"end":{"line":360,"column":73}},"360":{"start":{"line":361,"column":0},"end":{"line":361,"column":15}},"362":{"start":{"line":363,"column":0},"end":{"line":363,"column":7}},"363":{"start":{"line":364,"column":0},"end":{"line":364,"column":9}},"364":{"start":{"line":365,"column":0},"end":{"line":365,"column":18}},"365":{"start":{"line":366,"column":0},"end":{"line":366,"column":22}},"366":{"start":{"line":367,"column":0},"end":{"line":367,"column":6}},"367":{"start":{"line":368,"column":0},"end":{"line":368,"column":9}},"370":{"start":{"line":371,"column":0},"end":{"line":371,"column":19}},"371":{"start":{"line":372,"column":0},"end":{"line":372,"column":68}},"372":{"start":{"line":373,"column":0},"end":{"line":373,"column":27}},"373":{"start":{"line":374,"column":0},"end":{"line":374,"column":33}},"374":{"start":{"line":375,"column":0},"end":{"line":375,"column":74}},"375":{"start":{"line":376,"column":0},"end":{"line":376,"column":60}},"376":{"start":{"line":377,"column":0},"end":{"line":377,"column":59}},"377":{"start":{"line":378,"column":0},"end":{"line":378,"column":58}},"378":{"start":{"line":379,"column":0},"end":{"line":379,"column":16}},"379":{"start":{"line":380,"column":0},"end":{"line":380,"column":32}},"380":{"start":{"line":381,"column":0},"end":{"line":381,"column":59}},"381":{"start":{"line":382,"column":0},"end":{"line":382,"column":16}},"382":{"start":{"line":383,"column":0},"end":{"line":383,"column":31}},"383":{"start":{"line":384,"column":0},"end":{"line":384,"column":58}},"384":{"start":{"line":385,"column":0},"end":{"line":385,"column":16}},"385":{"start":{"line":386,"column":0},"end":{"line":386,"column":30}},"386":{"start":{"line":387,"column":0},"end":{"line":387,"column":56}},"387":{"start":{"line":388,"column":0},"end":{"line":388,"column":62}},"388":{"start":{"line":389,"column":0},"end":{"line":389,"column":11}},"389":{"start":{"line":390,"column":0},"end":{"line":390,"column":16}},"390":{"start":{"line":391,"column":0},"end":{"line":391,"column":7}},"391":{"start":{"line":392,"column":0},"end":{"line":392,"column":7}},"392":{"start":{"line":393,"column":0},"end":{"line":393,"column":23}},"393":{"start":{"line":394,"column":0},"end":{"line":394,"column":9}},"396":{"start":{"line":397,"column":0},"end":{"line":397,"column":38}},"397":{"start":{"line":398,"column":0},"end":{"line":398,"column":11}},"398":{"start":{"line":399,"column":0},"end":{"line":399,"column":19}},"399":{"start":{"line":400,"column":0},"end":{"line":400,"column":27}},"400":{"start":{"line":401,"column":0},"end":{"line":401,"column":22}},"401":{"start":{"line":402,"column":0},"end":{"line":402,"column":39}},"402":{"start":{"line":403,"column":0},"end":{"line":403,"column":10}},"403":{"start":{"line":404,"column":0},"end":{"line":404,"column":47}},"404":{"start":{"line":405,"column":0},"end":{"line":405,"column":40}},"407":{"start":{"line":408,"column":0},"end":{"line":408,"column":33}},"408":{"start":{"line":409,"column":0},"end":{"line":409,"column":13}},"409":{"start":{"line":410,"column":0},"end":{"line":410,"column":21}},"410":{"start":{"line":411,"column":0},"end":{"line":411,"column":34}},"411":{"start":{"line":412,"column":0},"end":{"line":412,"column":19}},"412":{"start":{"line":413,"column":0},"end":{"line":413,"column":9}},"415":{"start":{"line":416,"column":0},"end":{"line":416,"column":73}},"416":{"start":{"line":417,"column":0},"end":{"line":417,"column":54}},"419":{"start":{"line":420,"column":0},"end":{"line":420,"column":49}},"422":{"start":{"line":423,"column":0},"end":{"line":423,"column":64}},"423":{"start":{"line":424,"column":0},"end":{"line":424,"column":20}},"424":{"start":{"line":425,"column":0},"end":{"line":425,"column":61}},"425":{"start":{"line":426,"column":0},"end":{"line":426,"column":61}},"426":{"start":{"line":427,"column":0},"end":{"line":427,"column":44}},"427":{"start":{"line":428,"column":0},"end":{"line":428,"column":48}},"428":{"start":{"line":429,"column":0},"end":{"line":429,"column":10}},"431":{"start":{"line":432,"column":0},"end":{"line":432,"column":37}},"432":{"start":{"line":433,"column":0},"end":{"line":433,"column":72}},"435":{"start":{"line":436,"column":0},"end":{"line":436,"column":53}},"436":{"start":{"line":437,"column":0},"end":{"line":437,"column":54}},"437":{"start":{"line":438,"column":0},"end":{"line":438,"column":16}},"438":{"start":{"line":439,"column":0},"end":{"line":439,"column":31}},"439":{"start":{"line":440,"column":0},"end":{"line":440,"column":46}},"440":{"start":{"line":441,"column":0},"end":{"line":441,"column":16}},"441":{"start":{"line":442,"column":0},"end":{"line":442,"column":48}},"442":{"start":{"line":443,"column":0},"end":{"line":443,"column":44}},"443":{"start":{"line":444,"column":0},"end":{"line":444,"column":15}},"444":{"start":{"line":445,"column":0},"end":{"line":445,"column":65}},"445":{"start":{"line":446,"column":0},"end":{"line":446,"column":64}},"446":{"start":{"line":447,"column":0},"end":{"line":447,"column":56}},"447":{"start":{"line":448,"column":0},"end":{"line":448,"column":52}},"448":{"start":{"line":449,"column":0},"end":{"line":449,"column":15}},"449":{"start":{"line":450,"column":0},"end":{"line":450,"column":13}},"450":{"start":{"line":451,"column":0},"end":{"line":451,"column":49}},"451":{"start":{"line":452,"column":0},"end":{"line":452,"column":65}},"452":{"start":{"line":453,"column":0},"end":{"line":453,"column":64}},"453":{"start":{"line":454,"column":0},"end":{"line":454,"column":56}},"454":{"start":{"line":455,"column":0},"end":{"line":455,"column":52}},"455":{"start":{"line":456,"column":0},"end":{"line":456,"column":15}},"456":{"start":{"line":457,"column":0},"end":{"line":457,"column":13}},"457":{"start":{"line":458,"column":0},"end":{"line":458,"column":11}},"458":{"start":{"line":459,"column":0},"end":{"line":459,"column":9}},"461":{"start":{"line":462,"column":0},"end":{"line":462,"column":44}},"462":{"start":{"line":463,"column":0},"end":{"line":463,"column":47}},"463":{"start":{"line":464,"column":0},"end":{"line":464,"column":63}},"464":{"start":{"line":465,"column":0},"end":{"line":465,"column":52}},"465":{"start":{"line":466,"column":0},"end":{"line":466,"column":40}},"467":{"start":{"line":468,"column":0},"end":{"line":468,"column":77}},"468":{"start":{"line":469,"column":0},"end":{"line":469,"column":71}},"469":{"start":{"line":470,"column":0},"end":{"line":470,"column":27}},"470":{"start":{"line":471,"column":0},"end":{"line":471,"column":33}},"471":{"start":{"line":472,"column":0},"end":{"line":472,"column":33}},"472":{"start":{"line":473,"column":0},"end":{"line":473,"column":40}},"473":{"start":{"line":474,"column":0},"end":{"line":474,"column":16}},"474":{"start":{"line":475,"column":0},"end":{"line":475,"column":45}},"475":{"start":{"line":476,"column":0},"end":{"line":476,"column":42}},"476":{"start":{"line":477,"column":0},"end":{"line":477,"column":60}},"477":{"start":{"line":478,"column":0},"end":{"line":478,"column":13}},"478":{"start":{"line":479,"column":0},"end":{"line":479,"column":11}},"479":{"start":{"line":480,"column":0},"end":{"line":480,"column":9}},"481":{"start":{"line":482,"column":0},"end":{"line":482,"column":74}},"484":{"start":{"line":485,"column":0},"end":{"line":485,"column":60}},"485":{"start":{"line":486,"column":0},"end":{"line":486,"column":52}},"486":{"start":{"line":487,"column":0},"end":{"line":487,"column":15}},"487":{"start":{"line":488,"column":0},"end":{"line":488,"column":43}},"488":{"start":{"line":489,"column":0},"end":{"line":489,"column":36}},"489":{"start":{"line":490,"column":0},"end":{"line":490,"column":25}},"490":{"start":{"line":491,"column":0},"end":{"line":491,"column":23}},"491":{"start":{"line":492,"column":0},"end":{"line":492,"column":14}},"492":{"start":{"line":493,"column":0},"end":{"line":493,"column":27}},"494":{"start":{"line":495,"column":0},"end":{"line":495,"column":26}},"495":{"start":{"line":496,"column":0},"end":{"line":496,"column":76}},"496":{"start":{"line":497,"column":0},"end":{"line":497,"column":19}},"497":{"start":{"line":498,"column":0},"end":{"line":498,"column":14}},"498":{"start":{"line":499,"column":0},"end":{"line":499,"column":11}},"499":{"start":{"line":500,"column":0},"end":{"line":500,"column":9}},"501":{"start":{"line":502,"column":0},"end":{"line":502,"column":53}},"503":{"start":{"line":504,"column":0},"end":{"line":504,"column":69}},"504":{"start":{"line":505,"column":0},"end":{"line":505,"column":78}},"506":{"start":{"line":507,"column":0},"end":{"line":507,"column":59}},"507":{"start":{"line":508,"column":0},"end":{"line":508,"column":46}},"508":{"start":{"line":509,"column":0},"end":{"line":509,"column":13}},"509":{"start":{"line":510,"column":0},"end":{"line":510,"column":12}},"511":{"start":{"line":512,"column":0},"end":{"line":512,"column":25}},"513":{"start":{"line":514,"column":0},"end":{"line":514,"column":69}},"514":{"start":{"line":515,"column":0},"end":{"line":515,"column":52}},"515":{"start":{"line":516,"column":0},"end":{"line":516,"column":14}},"516":{"start":{"line":517,"column":0},"end":{"line":517,"column":54}},"517":{"start":{"line":518,"column":0},"end":{"line":518,"column":27}},"518":{"start":{"line":519,"column":0},"end":{"line":519,"column":30}},"519":{"start":{"line":520,"column":0},"end":{"line":520,"column":35}},"520":{"start":{"line":521,"column":0},"end":{"line":521,"column":31}},"521":{"start":{"line":522,"column":0},"end":{"line":522,"column":41}},"522":{"start":{"line":523,"column":0},"end":{"line":523,"column":14}},"524":{"start":{"line":525,"column":0},"end":{"line":525,"column":44}},"525":{"start":{"line":526,"column":0},"end":{"line":526,"column":72}},"526":{"start":{"line":527,"column":0},"end":{"line":527,"column":20}},"527":{"start":{"line":528,"column":0},"end":{"line":528,"column":54}},"528":{"start":{"line":529,"column":0},"end":{"line":529,"column":13}},"531":{"start":{"line":532,"column":0},"end":{"line":532,"column":50}},"532":{"start":{"line":533,"column":0},"end":{"line":533,"column":41}},"533":{"start":{"line":534,"column":0},"end":{"line":534,"column":35}},"534":{"start":{"line":535,"column":0},"end":{"line":535,"column":24}},"535":{"start":{"line":536,"column":0},"end":{"line":536,"column":23}},"536":{"start":{"line":537,"column":0},"end":{"line":537,"column":76}},"538":{"start":{"line":539,"column":0},"end":{"line":539,"column":20}},"540":{"start":{"line":541,"column":0},"end":{"line":541,"column":61}},"541":{"start":{"line":542,"column":0},"end":{"line":542,"column":46}},"542":{"start":{"line":543,"column":0},"end":{"line":543,"column":41}},"545":{"start":{"line":546,"column":0},"end":{"line":546,"column":63}},"546":{"start":{"line":547,"column":0},"end":{"line":547,"column":32}},"547":{"start":{"line":548,"column":0},"end":{"line":548,"column":14}},"548":{"start":{"line":549,"column":0},"end":{"line":549,"column":16}},"549":{"start":{"line":550,"column":0},"end":{"line":550,"column":61}},"550":{"start":{"line":551,"column":0},"end":{"line":551,"column":70}},"551":{"start":{"line":552,"column":0},"end":{"line":552,"column":15}},"552":{"start":{"line":553,"column":0},"end":{"line":553,"column":45}},"553":{"start":{"line":554,"column":0},"end":{"line":554,"column":13}},"555":{"start":{"line":556,"column":0},"end":{"line":556,"column":58}},"556":{"start":{"line":557,"column":0},"end":{"line":557,"column":18}},"558":{"start":{"line":559,"column":0},"end":{"line":559,"column":52}},"559":{"start":{"line":560,"column":0},"end":{"line":560,"column":32}},"560":{"start":{"line":561,"column":0},"end":{"line":561,"column":33}},"561":{"start":{"line":562,"column":0},"end":{"line":562,"column":25}},"562":{"start":{"line":563,"column":0},"end":{"line":563,"column":17}},"563":{"start":{"line":564,"column":0},"end":{"line":564,"column":31}},"564":{"start":{"line":565,"column":0},"end":{"line":565,"column":34}},"565":{"start":{"line":566,"column":0},"end":{"line":566,"column":39}},"566":{"start":{"line":567,"column":0},"end":{"line":567,"column":35}},"567":{"start":{"line":568,"column":0},"end":{"line":568,"column":45}},"568":{"start":{"line":569,"column":0},"end":{"line":569,"column":17}},"569":{"start":{"line":570,"column":0},"end":{"line":570,"column":16}},"570":{"start":{"line":571,"column":0},"end":{"line":571,"column":33}},"571":{"start":{"line":572,"column":0},"end":{"line":572,"column":61}},"572":{"start":{"line":573,"column":0},"end":{"line":573,"column":38}},"573":{"start":{"line":574,"column":0},"end":{"line":574,"column":32}},"574":{"start":{"line":575,"column":0},"end":{"line":575,"column":14}},"575":{"start":{"line":576,"column":0},"end":{"line":576,"column":61}},"576":{"start":{"line":577,"column":0},"end":{"line":577,"column":11}},"579":{"start":{"line":580,"column":0},"end":{"line":580,"column":47}},"580":{"start":{"line":581,"column":0},"end":{"line":581,"column":39}},"581":{"start":{"line":582,"column":0},"end":{"line":582,"column":30}},"582":{"start":{"line":583,"column":0},"end":{"line":583,"column":33}},"583":{"start":{"line":584,"column":0},"end":{"line":584,"column":41}},"584":{"start":{"line":585,"column":0},"end":{"line":585,"column":13}},"585":{"start":{"line":586,"column":0},"end":{"line":586,"column":16}},"587":{"start":{"line":588,"column":0},"end":{"line":588,"column":67}},"589":{"start":{"line":590,"column":0},"end":{"line":590,"column":52}},"590":{"start":{"line":591,"column":0},"end":{"line":591,"column":25}},"591":{"start":{"line":592,"column":0},"end":{"line":592,"column":28}},"592":{"start":{"line":593,"column":0},"end":{"line":593,"column":33}},"593":{"start":{"line":594,"column":0},"end":{"line":594,"column":29}},"594":{"start":{"line":595,"column":0},"end":{"line":595,"column":39}},"595":{"start":{"line":596,"column":0},"end":{"line":596,"column":12}},"597":{"start":{"line":598,"column":0},"end":{"line":598,"column":25}},"598":{"start":{"line":599,"column":0},"end":{"line":599,"column":45}},"599":{"start":{"line":600,"column":0},"end":{"line":600,"column":35}},"602":{"start":{"line":603,"column":0},"end":{"line":603,"column":74}},"603":{"start":{"line":604,"column":0},"end":{"line":604,"column":41}},"604":{"start":{"line":605,"column":0},"end":{"line":605,"column":39}},"605":{"start":{"line":606,"column":0},"end":{"line":606,"column":52}},"606":{"start":{"line":607,"column":0},"end":{"line":607,"column":34}},"607":{"start":{"line":608,"column":0},"end":{"line":608,"column":29}},"608":{"start":{"line":609,"column":0},"end":{"line":609,"column":41}},"609":{"start":{"line":610,"column":0},"end":{"line":610,"column":37}},"610":{"start":{"line":611,"column":0},"end":{"line":611,"column":33}},"611":{"start":{"line":612,"column":0},"end":{"line":612,"column":23}},"612":{"start":{"line":613,"column":0},"end":{"line":613,"column":13}},"614":{"start":{"line":615,"column":0},"end":{"line":615,"column":53}},"617":{"start":{"line":618,"column":0},"end":{"line":618,"column":61}},"618":{"start":{"line":619,"column":0},"end":{"line":619,"column":52}},"619":{"start":{"line":620,"column":0},"end":{"line":620,"column":14}},"620":{"start":{"line":621,"column":0},"end":{"line":621,"column":34}},"621":{"start":{"line":622,"column":0},"end":{"line":622,"column":64}},"622":{"start":{"line":623,"column":0},"end":{"line":623,"column":20}},"623":{"start":{"line":624,"column":0},"end":{"line":624,"column":56}},"624":{"start":{"line":625,"column":0},"end":{"line":625,"column":13}},"627":{"start":{"line":628,"column":0},"end":{"line":628,"column":65}},"628":{"start":{"line":629,"column":0},"end":{"line":629,"column":32}},"629":{"start":{"line":630,"column":0},"end":{"line":630,"column":14}},"630":{"start":{"line":631,"column":0},"end":{"line":631,"column":72}},"631":{"start":{"line":632,"column":0},"end":{"line":632,"column":58}},"632":{"start":{"line":633,"column":0},"end":{"line":633,"column":15}},"633":{"start":{"line":634,"column":0},"end":{"line":634,"column":14}},"634":{"start":{"line":635,"column":0},"end":{"line":635,"column":48}},"635":{"start":{"line":636,"column":0},"end":{"line":636,"column":43}},"638":{"start":{"line":639,"column":0},"end":{"line":639,"column":16}},"639":{"start":{"line":640,"column":0},"end":{"line":640,"column":69}},"640":{"start":{"line":641,"column":0},"end":{"line":641,"column":41}},"641":{"start":{"line":642,"column":0},"end":{"line":642,"column":15}},"642":{"start":{"line":643,"column":0},"end":{"line":643,"column":47}},"643":{"start":{"line":644,"column":0},"end":{"line":644,"column":13}},"646":{"start":{"line":647,"column":0},"end":{"line":647,"column":33}},"647":{"start":{"line":648,"column":0},"end":{"line":648,"column":63}},"648":{"start":{"line":649,"column":0},"end":{"line":649,"column":51}},"649":{"start":{"line":650,"column":0},"end":{"line":650,"column":14}},"650":{"start":{"line":651,"column":0},"end":{"line":651,"column":77}},"651":{"start":{"line":652,"column":0},"end":{"line":652,"column":63}},"652":{"start":{"line":653,"column":0},"end":{"line":653,"column":63}},"653":{"start":{"line":654,"column":0},"end":{"line":654,"column":15}},"654":{"start":{"line":655,"column":0},"end":{"line":655,"column":14}},"655":{"start":{"line":656,"column":0},"end":{"line":656,"column":46}},"656":{"start":{"line":657,"column":0},"end":{"line":657,"column":41}},"657":{"start":{"line":658,"column":0},"end":{"line":658,"column":36}},"659":{"start":{"line":660,"column":0},"end":{"line":660,"column":56}},"660":{"start":{"line":661,"column":0},"end":{"line":661,"column":18}},"662":{"start":{"line":663,"column":0},"end":{"line":663,"column":50}},"663":{"start":{"line":664,"column":0},"end":{"line":664,"column":30}},"664":{"start":{"line":665,"column":0},"end":{"line":665,"column":21}},"665":{"start":{"line":666,"column":0},"end":{"line":666,"column":17}},"666":{"start":{"line":667,"column":0},"end":{"line":667,"column":33}},"667":{"start":{"line":668,"column":0},"end":{"line":668,"column":37}},"668":{"start":{"line":669,"column":0},"end":{"line":669,"column":41}},"669":{"start":{"line":670,"column":0},"end":{"line":670,"column":46}},"670":{"start":{"line":671,"column":0},"end":{"line":671,"column":58}},"671":{"start":{"line":672,"column":0},"end":{"line":672,"column":42}},"672":{"start":{"line":673,"column":0},"end":{"line":673,"column":36}},"673":{"start":{"line":674,"column":0},"end":{"line":674,"column":17}},"674":{"start":{"line":675,"column":0},"end":{"line":675,"column":16}},"675":{"start":{"line":676,"column":0},"end":{"line":676,"column":43}},"676":{"start":{"line":677,"column":0},"end":{"line":677,"column":57}},"677":{"start":{"line":678,"column":0},"end":{"line":678,"column":38}},"678":{"start":{"line":679,"column":0},"end":{"line":679,"column":33}},"680":{"start":{"line":681,"column":0},"end":{"line":681,"column":33}},"681":{"start":{"line":682,"column":0},"end":{"line":682,"column":37}},"682":{"start":{"line":683,"column":0},"end":{"line":683,"column":42}},"683":{"start":{"line":684,"column":0},"end":{"line":684,"column":53}},"684":{"start":{"line":685,"column":0},"end":{"line":685,"column":14}},"685":{"start":{"line":686,"column":0},"end":{"line":686,"column":59}},"686":{"start":{"line":687,"column":0},"end":{"line":687,"column":11}},"689":{"start":{"line":690,"column":0},"end":{"line":690,"column":47}},"690":{"start":{"line":691,"column":0},"end":{"line":691,"column":39}},"691":{"start":{"line":692,"column":0},"end":{"line":692,"column":28}},"692":{"start":{"line":693,"column":0},"end":{"line":693,"column":33}},"693":{"start":{"line":694,"column":0},"end":{"line":694,"column":28}},"694":{"start":{"line":695,"column":0},"end":{"line":695,"column":13}},"695":{"start":{"line":696,"column":0},"end":{"line":696,"column":9}},"696":{"start":{"line":697,"column":0},"end":{"line":697,"column":7}},"699":{"start":{"line":700,"column":0},"end":{"line":700,"column":58}},"702":{"start":{"line":703,"column":0},"end":{"line":703,"column":58}},"703":{"start":{"line":704,"column":0},"end":{"line":704,"column":43}},"704":{"start":{"line":705,"column":0},"end":{"line":705,"column":42}},"705":{"start":{"line":706,"column":0},"end":{"line":706,"column":6}},"706":{"start":{"line":707,"column":0},"end":{"line":707,"column":20}},"707":{"start":{"line":708,"column":0},"end":{"line":708,"column":4}},"709":{"start":{"line":710,"column":0},"end":{"line":710,"column":34}},"710":{"start":{"line":711,"column":0},"end":{"line":711,"column":65}},"711":{"start":{"line":712,"column":0},"end":{"line":712,"column":39}},"712":{"start":{"line":713,"column":0},"end":{"line":713,"column":59}},"713":{"start":{"line":714,"column":0},"end":{"line":714,"column":6}},"714":{"start":{"line":715,"column":0},"end":{"line":715,"column":6}},"715":{"start":{"line":716,"column":0},"end":{"line":716,"column":4}},"717":{"start":{"line":718,"column":0},"end":{"line":718,"column":78}},"718":{"start":{"line":719,"column":0},"end":{"line":719,"column":49}},"719":{"start":{"line":720,"column":0},"end":{"line":720,"column":39}},"720":{"start":{"line":721,"column":0},"end":{"line":721,"column":24}},"721":{"start":{"line":722,"column":0},"end":{"line":722,"column":31}},"722":{"start":{"line":723,"column":0},"end":{"line":723,"column":6}},"723":{"start":{"line":724,"column":0},"end":{"line":724,"column":9}},"725":{"start":{"line":726,"column":0},"end":{"line":726,"column":39}},"726":{"start":{"line":727,"column":0},"end":{"line":727,"column":51}},"727":{"start":{"line":728,"column":0},"end":{"line":728,"column":58}},"728":{"start":{"line":729,"column":0},"end":{"line":729,"column":6}},"729":{"start":{"line":730,"column":0},"end":{"line":730,"column":6}},"730":{"start":{"line":731,"column":0},"end":{"line":731,"column":4}},"732":{"start":{"line":733,"column":0},"end":{"line":733,"column":40}},"733":{"start":{"line":734,"column":0},"end":{"line":734,"column":38}},"734":{"start":{"line":735,"column":0},"end":{"line":735,"column":9}},"736":{"start":{"line":737,"column":0},"end":{"line":737,"column":45}},"737":{"start":{"line":738,"column":0},"end":{"line":738,"column":53}},"738":{"start":{"line":739,"column":0},"end":{"line":739,"column":9}},"740":{"start":{"line":741,"column":0},"end":{"line":741,"column":44}},"741":{"start":{"line":742,"column":0},"end":{"line":742,"column":52}},"742":{"start":{"line":743,"column":0},"end":{"line":743,"column":9}},"744":{"start":{"line":745,"column":0},"end":{"line":745,"column":46}},"745":{"start":{"line":746,"column":0},"end":{"line":746,"column":54}},"746":{"start":{"line":747,"column":0},"end":{"line":747,"column":9}},"748":{"start":{"line":749,"column":0},"end":{"line":749,"column":37}},"749":{"start":{"line":750,"column":0},"end":{"line":750,"column":11}},"750":{"start":{"line":751,"column":0},"end":{"line":751,"column":68}},"753":{"start":{"line":754,"column":0},"end":{"line":754,"column":10}},"754":{"start":{"line":755,"column":0},"end":{"line":755,"column":26}},"757":{"start":{"line":758,"column":0},"end":{"line":758,"column":15}},"758":{"start":{"line":759,"column":0},"end":{"line":759,"column":66}},"759":{"start":{"line":760,"column":0},"end":{"line":760,"column":23}},"760":{"start":{"line":761,"column":0},"end":{"line":761,"column":67}},"761":{"start":{"line":762,"column":0},"end":{"line":762,"column":28}},"762":{"start":{"line":763,"column":0},"end":{"line":763,"column":18}},"763":{"start":{"line":764,"column":0},"end":{"line":764,"column":12}},"764":{"start":{"line":765,"column":0},"end":{"line":765,"column":42}},"765":{"start":{"line":766,"column":0},"end":{"line":766,"column":64}},"766":{"start":{"line":767,"column":0},"end":{"line":767,"column":11}},"767":{"start":{"line":768,"column":0},"end":{"line":768,"column":9}},"768":{"start":{"line":769,"column":0},"end":{"line":769,"column":7}},"771":{"start":{"line":772,"column":0},"end":{"line":772,"column":55}},"772":{"start":{"line":773,"column":0},"end":{"line":773,"column":38}},"773":{"start":{"line":774,"column":0},"end":{"line":774,"column":53}},"774":{"start":{"line":775,"column":0},"end":{"line":775,"column":32}},"775":{"start":{"line":776,"column":0},"end":{"line":776,"column":22}},"776":{"start":{"line":777,"column":0},"end":{"line":777,"column":63}},"777":{"start":{"line":778,"column":0},"end":{"line":778,"column":7}},"780":{"start":{"line":781,"column":0},"end":{"line":781,"column":48}},"781":{"start":{"line":782,"column":0},"end":{"line":782,"column":19}},"782":{"start":{"line":783,"column":0},"end":{"line":783,"column":11}},"783":{"start":{"line":784,"column":0},"end":{"line":784,"column":23}},"784":{"start":{"line":785,"column":0},"end":{"line":785,"column":8}},"785":{"start":{"line":786,"column":0},"end":{"line":786,"column":36}},"786":{"start":{"line":787,"column":0},"end":{"line":787,"column":58}},"787":{"start":{"line":788,"column":0},"end":{"line":788,"column":7}},"789":{"start":{"line":790,"column":0},"end":{"line":790,"column":50}},"790":{"start":{"line":791,"column":0},"end":{"line":791,"column":27}},"791":{"start":{"line":792,"column":0},"end":{"line":792,"column":25}},"792":{"start":{"line":793,"column":0},"end":{"line":793,"column":33}},"793":{"start":{"line":794,"column":0},"end":{"line":794,"column":25}},"794":{"start":{"line":795,"column":0},"end":{"line":795,"column":22}},"795":{"start":{"line":796,"column":0},"end":{"line":796,"column":9}},"797":{"start":{"line":798,"column":0},"end":{"line":798,"column":58}},"798":{"start":{"line":799,"column":0},"end":{"line":799,"column":56}},"799":{"start":{"line":800,"column":0},"end":{"line":800,"column":40}},"801":{"start":{"line":802,"column":0},"end":{"line":802,"column":63}},"802":{"start":{"line":803,"column":0},"end":{"line":803,"column":7}},"803":{"start":{"line":804,"column":0},"end":{"line":804,"column":64}},"804":{"start":{"line":805,"column":0},"end":{"line":805,"column":70}},"805":{"start":{"line":806,"column":0},"end":{"line":806,"column":36}},"806":{"start":{"line":807,"column":0},"end":{"line":807,"column":8}},"807":{"start":{"line":808,"column":0},"end":{"line":808,"column":61}},"808":{"start":{"line":809,"column":0},"end":{"line":809,"column":19}},"809":{"start":{"line":810,"column":0},"end":{"line":810,"column":6}},"810":{"start":{"line":811,"column":0},"end":{"line":811,"column":21}},"811":{"start":{"line":812,"column":0},"end":{"line":812,"column":4}},"813":{"start":{"line":814,"column":0},"end":{"line":814,"column":37}},"814":{"start":{"line":815,"column":0},"end":{"line":815,"column":27}},"815":{"start":{"line":816,"column":0},"end":{"line":816,"column":64}},"816":{"start":{"line":817,"column":0},"end":{"line":817,"column":28}},"818":{"start":{"line":819,"column":0},"end":{"line":819,"column":63}},"819":{"start":{"line":820,"column":0},"end":{"line":820,"column":24}},"820":{"start":{"line":821,"column":0},"end":{"line":821,"column":16}},"821":{"start":{"line":822,"column":0},"end":{"line":822,"column":8}},"822":{"start":{"line":823,"column":0},"end":{"line":823,"column":38}},"823":{"start":{"line":824,"column":0},"end":{"line":824,"column":60}},"824":{"start":{"line":825,"column":0},"end":{"line":825,"column":7}},"827":{"start":{"line":828,"column":0},"end":{"line":828,"column":46}},"828":{"start":{"line":829,"column":0},"end":{"line":829,"column":20}},"829":{"start":{"line":830,"column":0},"end":{"line":830,"column":11}},"830":{"start":{"line":831,"column":0},"end":{"line":831,"column":24}},"831":{"start":{"line":832,"column":0},"end":{"line":832,"column":22}},"832":{"start":{"line":833,"column":0},"end":{"line":833,"column":8}},"833":{"start":{"line":834,"column":0},"end":{"line":834,"column":39}},"834":{"start":{"line":835,"column":0},"end":{"line":835,"column":61}},"835":{"start":{"line":836,"column":0},"end":{"line":836,"column":63}},"836":{"start":{"line":837,"column":0},"end":{"line":837,"column":7}},"838":{"start":{"line":839,"column":0},"end":{"line":839,"column":39}},"840":{"start":{"line":841,"column":0},"end":{"line":841,"column":58}},"841":{"start":{"line":842,"column":0},"end":{"line":842,"column":22}},"842":{"start":{"line":843,"column":0},"end":{"line":843,"column":65}},"843":{"start":{"line":844,"column":0},"end":{"line":844,"column":24}},"844":{"start":{"line":845,"column":0},"end":{"line":845,"column":53}},"845":{"start":{"line":846,"column":0},"end":{"line":846,"column":61}},"846":{"start":{"line":847,"column":0},"end":{"line":847,"column":6}},"847":{"start":{"line":848,"column":0},"end":{"line":848,"column":37}},"848":{"start":{"line":849,"column":0},"end":{"line":849,"column":4}},"850":{"start":{"line":851,"column":0},"end":{"line":851,"column":36}},"851":{"start":{"line":852,"column":0},"end":{"line":852,"column":11}},"852":{"start":{"line":853,"column":0},"end":{"line":853,"column":18}},"858":{"start":{"line":859,"column":0},"end":{"line":859,"column":10}},"859":{"start":{"line":860,"column":0},"end":{"line":860,"column":26}},"860":{"start":{"line":861,"column":0},"end":{"line":861,"column":15}},"861":{"start":{"line":862,"column":0},"end":{"line":862,"column":65}},"862":{"start":{"line":863,"column":0},"end":{"line":863,"column":45}},"863":{"start":{"line":864,"column":0},"end":{"line":864,"column":65}},"864":{"start":{"line":865,"column":0},"end":{"line":865,"column":9}},"865":{"start":{"line":866,"column":0},"end":{"line":866,"column":7}},"867":{"start":{"line":868,"column":0},"end":{"line":868,"column":49}},"868":{"start":{"line":869,"column":0},"end":{"line":869,"column":27}},"869":{"start":{"line":870,"column":0},"end":{"line":870,"column":25}},"870":{"start":{"line":871,"column":0},"end":{"line":871,"column":39}},"871":{"start":{"line":872,"column":0},"end":{"line":872,"column":33}},"872":{"start":{"line":873,"column":0},"end":{"line":873,"column":47}},"873":{"start":{"line":874,"column":0},"end":{"line":874,"column":22}},"874":{"start":{"line":875,"column":0},"end":{"line":875,"column":9}},"876":{"start":{"line":877,"column":0},"end":{"line":877,"column":56}},"877":{"start":{"line":878,"column":0},"end":{"line":878,"column":22}},"878":{"start":{"line":879,"column":0},"end":{"line":879,"column":64}},"879":{"start":{"line":880,"column":0},"end":{"line":880,"column":23}},"880":{"start":{"line":881,"column":0},"end":{"line":881,"column":53}},"881":{"start":{"line":882,"column":0},"end":{"line":882,"column":59}},"882":{"start":{"line":883,"column":0},"end":{"line":883,"column":19}},"883":{"start":{"line":884,"column":0},"end":{"line":884,"column":6}},"884":{"start":{"line":885,"column":0},"end":{"line":885,"column":20}},"885":{"start":{"line":886,"column":0},"end":{"line":886,"column":4}},"887":{"start":{"line":888,"column":0},"end":{"line":888,"column":36}},"888":{"start":{"line":889,"column":0},"end":{"line":889,"column":27}},"889":{"start":{"line":890,"column":0},"end":{"line":890,"column":63}},"890":{"start":{"line":891,"column":0},"end":{"line":891,"column":28}},"891":{"start":{"line":892,"column":0},"end":{"line":892,"column":42}},"892":{"start":{"line":893,"column":0},"end":{"line":893,"column":64}},"893":{"start":{"line":894,"column":0},"end":{"line":894,"column":7}},"895":{"start":{"line":896,"column":0},"end":{"line":896,"column":38}},"897":{"start":{"line":898,"column":0},"end":{"line":898,"column":56}},"898":{"start":{"line":899,"column":0},"end":{"line":899,"column":22}},"899":{"start":{"line":900,"column":0},"end":{"line":900,"column":64}},"900":{"start":{"line":901,"column":0},"end":{"line":901,"column":23}},"901":{"start":{"line":902,"column":0},"end":{"line":902,"column":53}},"902":{"start":{"line":903,"column":0},"end":{"line":903,"column":59}},"903":{"start":{"line":904,"column":0},"end":{"line":904,"column":6}},"904":{"start":{"line":905,"column":0},"end":{"line":905,"column":20}},"905":{"start":{"line":906,"column":0},"end":{"line":906,"column":4}},"908":{"start":{"line":909,"column":0},"end":{"line":909,"column":42}},"909":{"start":{"line":910,"column":0},"end":{"line":910,"column":30}},"910":{"start":{"line":911,"column":0},"end":{"line":911,"column":34}},"912":{"start":{"line":913,"column":0},"end":{"line":913,"column":29}},"913":{"start":{"line":914,"column":0},"end":{"line":914,"column":13}},"914":{"start":{"line":915,"column":0},"end":{"line":915,"column":68}},"915":{"start":{"line":916,"column":0},"end":{"line":916,"column":34}},"917":{"start":{"line":918,"column":0},"end":{"line":918,"column":46}},"918":{"start":{"line":919,"column":0},"end":{"line":919,"column":24}},"919":{"start":{"line":920,"column":0},"end":{"line":920,"column":71}},"920":{"start":{"line":921,"column":0},"end":{"line":921,"column":14}},"921":{"start":{"line":922,"column":0},"end":{"line":922,"column":21}},"922":{"start":{"line":923,"column":0},"end":{"line":923,"column":11}},"925":{"start":{"line":926,"column":0},"end":{"line":926,"column":57}},"926":{"start":{"line":927,"column":0},"end":{"line":927,"column":34}},"927":{"start":{"line":928,"column":0},"end":{"line":928,"column":80}},"928":{"start":{"line":929,"column":0},"end":{"line":929,"column":13}},"929":{"start":{"line":930,"column":0},"end":{"line":930,"column":12}},"931":{"start":{"line":932,"column":0},"end":{"line":932,"column":29}},"932":{"start":{"line":933,"column":0},"end":{"line":933,"column":24}},"933":{"start":{"line":934,"column":0},"end":{"line":934,"column":86}},"934":{"start":{"line":935,"column":0},"end":{"line":935,"column":14}},"935":{"start":{"line":936,"column":0},"end":{"line":936,"column":21}},"936":{"start":{"line":937,"column":0},"end":{"line":937,"column":11}},"938":{"start":{"line":939,"column":0},"end":{"line":939,"column":43}},"939":{"start":{"line":940,"column":0},"end":{"line":940,"column":25}},"940":{"start":{"line":941,"column":0},"end":{"line":941,"column":22}},"941":{"start":{"line":942,"column":0},"end":{"line":942,"column":106}},"942":{"start":{"line":943,"column":0},"end":{"line":943,"column":12}},"943":{"start":{"line":944,"column":0},"end":{"line":944,"column":9}},"944":{"start":{"line":945,"column":0},"end":{"line":945,"column":7}},"946":{"start":{"line":947,"column":0},"end":{"line":947,"column":30}},"947":{"start":{"line":948,"column":0},"end":{"line":948,"column":24}},"948":{"start":{"line":949,"column":0},"end":{"line":949,"column":68}},"949":{"start":{"line":950,"column":0},"end":{"line":950,"column":10}},"950":{"start":{"line":951,"column":0},"end":{"line":951,"column":7}},"953":{"start":{"line":954,"column":0},"end":{"line":954,"column":58}},"954":{"start":{"line":955,"column":0},"end":{"line":955,"column":22}},"955":{"start":{"line":956,"column":0},"end":{"line":956,"column":65}},"956":{"start":{"line":957,"column":0},"end":{"line":957,"column":24}},"957":{"start":{"line":958,"column":0},"end":{"line":958,"column":53}},"958":{"start":{"line":959,"column":0},"end":{"line":959,"column":61}},"959":{"start":{"line":960,"column":0},"end":{"line":960,"column":6}},"960":{"start":{"line":961,"column":0},"end":{"line":961,"column":37}},"961":{"start":{"line":962,"column":0},"end":{"line":962,"column":4}},"963":{"start":{"line":964,"column":0},"end":{"line":964,"column":41}},"964":{"start":{"line":965,"column":0},"end":{"line":965,"column":30}},"965":{"start":{"line":966,"column":0},"end":{"line":966,"column":34}},"967":{"start":{"line":968,"column":0},"end":{"line":968,"column":29}},"968":{"start":{"line":969,"column":0},"end":{"line":969,"column":13}},"969":{"start":{"line":970,"column":0},"end":{"line":970,"column":67}},"970":{"start":{"line":971,"column":0},"end":{"line":971,"column":34}},"972":{"start":{"line":973,"column":0},"end":{"line":973,"column":46}},"973":{"start":{"line":974,"column":0},"end":{"line":974,"column":24}},"974":{"start":{"line":975,"column":0},"end":{"line":975,"column":70}},"975":{"start":{"line":976,"column":0},"end":{"line":976,"column":14}},"976":{"start":{"line":977,"column":0},"end":{"line":977,"column":21}},"977":{"start":{"line":978,"column":0},"end":{"line":978,"column":11}},"979":{"start":{"line":980,"column":0},"end":{"line":980,"column":42}},"980":{"start":{"line":981,"column":0},"end":{"line":981,"column":25}},"981":{"start":{"line":982,"column":0},"end":{"line":982,"column":22}},"982":{"start":{"line":983,"column":0},"end":{"line":983,"column":105}},"983":{"start":{"line":984,"column":0},"end":{"line":984,"column":12}},"984":{"start":{"line":985,"column":0},"end":{"line":985,"column":9}},"985":{"start":{"line":986,"column":0},"end":{"line":986,"column":7}},"987":{"start":{"line":988,"column":0},"end":{"line":988,"column":30}},"988":{"start":{"line":989,"column":0},"end":{"line":989,"column":24}},"989":{"start":{"line":990,"column":0},"end":{"line":990,"column":68}},"990":{"start":{"line":991,"column":0},"end":{"line":991,"column":10}},"991":{"start":{"line":992,"column":0},"end":{"line":992,"column":7}},"994":{"start":{"line":995,"column":0},"end":{"line":995,"column":56}},"995":{"start":{"line":996,"column":0},"end":{"line":996,"column":22}},"996":{"start":{"line":997,"column":0},"end":{"line":997,"column":64}},"997":{"start":{"line":998,"column":0},"end":{"line":998,"column":23}},"998":{"start":{"line":999,"column":0},"end":{"line":999,"column":53}},"999":{"start":{"line":1000,"column":0},"end":{"line":1000,"column":59}},"1000":{"start":{"line":1001,"column":0},"end":{"line":1001,"column":6}},"1001":{"start":{"line":1002,"column":0},"end":{"line":1002,"column":20}},"1002":{"start":{"line":1003,"column":0},"end":{"line":1003,"column":4}},"1004":{"start":{"line":1005,"column":0},"end":{"line":1005,"column":39}},"1005":{"start":{"line":1006,"column":0},"end":{"line":1006,"column":62}},"1006":{"start":{"line":1007,"column":0},"end":{"line":1007,"column":63}},"1007":{"start":{"line":1008,"column":0},"end":{"line":1008,"column":22}},"1008":{"start":{"line":1009,"column":0},"end":{"line":1009,"column":45}},"1009":{"start":{"line":1010,"column":0},"end":{"line":1010,"column":7}},"1012":{"start":{"line":1013,"column":0},"end":{"line":1013,"column":72}},"1013":{"start":{"line":1014,"column":0},"end":{"line":1014,"column":23}},"1014":{"start":{"line":1015,"column":0},"end":{"line":1015,"column":79}},"1015":{"start":{"line":1016,"column":0},"end":{"line":1016,"column":7}},"1017":{"start":{"line":1018,"column":0},"end":{"line":1018,"column":35}},"1018":{"start":{"line":1019,"column":0},"end":{"line":1019,"column":20}},"1019":{"start":{"line":1020,"column":0},"end":{"line":1020,"column":47}},"1020":{"start":{"line":1021,"column":0},"end":{"line":1021,"column":22}},"1021":{"start":{"line":1022,"column":0},"end":{"line":1022,"column":23}},"1022":{"start":{"line":1023,"column":0},"end":{"line":1023,"column":44}},"1023":{"start":{"line":1024,"column":0},"end":{"line":1024,"column":43}},"1024":{"start":{"line":1025,"column":0},"end":{"line":1025,"column":8}},"1026":{"start":{"line":1027,"column":0},"end":{"line":1027,"column":60}},"1029":{"start":{"line":1030,"column":0},"end":{"line":1030,"column":56}},"1030":{"start":{"line":1031,"column":0},"end":{"line":1031,"column":22}},"1031":{"start":{"line":1032,"column":0},"end":{"line":1032,"column":64}},"1032":{"start":{"line":1033,"column":0},"end":{"line":1033,"column":23}},"1033":{"start":{"line":1034,"column":0},"end":{"line":1034,"column":53}},"1034":{"start":{"line":1035,"column":0},"end":{"line":1035,"column":59}},"1036":{"start":{"line":1037,"column":0},"end":{"line":1037,"column":19}},"1037":{"start":{"line":1038,"column":0},"end":{"line":1038,"column":6}},"1038":{"start":{"line":1039,"column":0},"end":{"line":1039,"column":20}},"1039":{"start":{"line":1040,"column":0},"end":{"line":1040,"column":4}},"1041":{"start":{"line":1042,"column":0},"end":{"line":1042,"column":33}},"1042":{"start":{"line":1043,"column":0},"end":{"line":1043,"column":35}},"1044":{"start":{"line":1045,"column":0},"end":{"line":1045,"column":45}},"1047":{"start":{"line":1048,"column":0},"end":{"line":1048,"column":53}},"1048":{"start":{"line":1049,"column":0},"end":{"line":1049,"column":19}},"1049":{"start":{"line":1050,"column":0},"end":{"line":1050,"column":22}},"1050":{"start":{"line":1051,"column":0},"end":{"line":1051,"column":7}},"1052":{"start":{"line":1053,"column":0},"end":{"line":1053,"column":28}},"1055":{"start":{"line":1056,"column":0},"end":{"line":1056,"column":27}},"1056":{"start":{"line":1057,"column":0},"end":{"line":1057,"column":25}},"1057":{"start":{"line":1058,"column":0},"end":{"line":1058,"column":34}},"1058":{"start":{"line":1059,"column":0},"end":{"line":1059,"column":16}},"1059":{"start":{"line":1060,"column":0},"end":{"line":1060,"column":24}},"1060":{"start":{"line":1061,"column":0},"end":{"line":1061,"column":76}},"1061":{"start":{"line":1062,"column":0},"end":{"line":1062,"column":16}},"1062":{"start":{"line":1063,"column":0},"end":{"line":1063,"column":26}},"1063":{"start":{"line":1064,"column":0},"end":{"line":1064,"column":55}},"1064":{"start":{"line":1065,"column":0},"end":{"line":1065,"column":38}},"1065":{"start":{"line":1066,"column":0},"end":{"line":1066,"column":12}},"1066":{"start":{"line":1067,"column":0},"end":{"line":1067,"column":16}},"1067":{"start":{"line":1068,"column":0},"end":{"line":1068,"column":16}},"1068":{"start":{"line":1069,"column":0},"end":{"line":1069,"column":58}},"1069":{"start":{"line":1070,"column":0},"end":{"line":1070,"column":7}},"1072":{"start":{"line":1073,"column":0},"end":{"line":1073,"column":24}},"1073":{"start":{"line":1074,"column":0},"end":{"line":1074,"column":53}},"1074":{"start":{"line":1075,"column":0},"end":{"line":1075,"column":29}},"1075":{"start":{"line":1076,"column":0},"end":{"line":1076,"column":19}},"1076":{"start":{"line":1077,"column":0},"end":{"line":1077,"column":60}},"1077":{"start":{"line":1078,"column":0},"end":{"line":1078,"column":64}},"1078":{"start":{"line":1079,"column":0},"end":{"line":1079,"column":10}},"1079":{"start":{"line":1080,"column":0},"end":{"line":1080,"column":7}},"1082":{"start":{"line":1083,"column":0},"end":{"line":1083,"column":26}},"1083":{"start":{"line":1084,"column":0},"end":{"line":1084,"column":74}},"1084":{"start":{"line":1085,"column":0},"end":{"line":1085,"column":31}},"1085":{"start":{"line":1086,"column":0},"end":{"line":1086,"column":21}},"1086":{"start":{"line":1087,"column":0},"end":{"line":1087,"column":79}},"1087":{"start":{"line":1088,"column":0},"end":{"line":1088,"column":12}},"1088":{"start":{"line":1089,"column":0},"end":{"line":1089,"column":9}},"1090":{"start":{"line":1091,"column":0},"end":{"line":1091,"column":70}},"1091":{"start":{"line":1092,"column":0},"end":{"line":1092,"column":31}},"1092":{"start":{"line":1093,"column":0},"end":{"line":1093,"column":21}},"1093":{"start":{"line":1094,"column":0},"end":{"line":1094,"column":73}},"1094":{"start":{"line":1095,"column":0},"end":{"line":1095,"column":12}},"1095":{"start":{"line":1096,"column":0},"end":{"line":1096,"column":9}},"1097":{"start":{"line":1098,"column":0},"end":{"line":1098,"column":38}},"1098":{"start":{"line":1099,"column":0},"end":{"line":1099,"column":57}},"1099":{"start":{"line":1100,"column":0},"end":{"line":1100,"column":42}},"1100":{"start":{"line":1101,"column":0},"end":{"line":1101,"column":62}},"1101":{"start":{"line":1102,"column":0},"end":{"line":1102,"column":56}},"1102":{"start":{"line":1103,"column":0},"end":{"line":1103,"column":13}},"1103":{"start":{"line":1104,"column":0},"end":{"line":1104,"column":9}},"1104":{"start":{"line":1105,"column":0},"end":{"line":1105,"column":7}},"1107":{"start":{"line":1108,"column":0},"end":{"line":1108,"column":44}},"1108":{"start":{"line":1109,"column":0},"end":{"line":1109,"column":49}},"1110":{"start":{"line":1111,"column":0},"end":{"line":1111,"column":28}},"1111":{"start":{"line":1112,"column":0},"end":{"line":1112,"column":33}},"1113":{"start":{"line":1114,"column":0},"end":{"line":1114,"column":25}},"1114":{"start":{"line":1115,"column":0},"end":{"line":1115,"column":22}},"1115":{"start":{"line":1116,"column":0},"end":{"line":1116,"column":32}},"1116":{"start":{"line":1117,"column":0},"end":{"line":1117,"column":32}},"1117":{"start":{"line":1118,"column":0},"end":{"line":1118,"column":18}},"1118":{"start":{"line":1119,"column":0},"end":{"line":1119,"column":25}},"1119":{"start":{"line":1120,"column":0},"end":{"line":1120,"column":37}},"1120":{"start":{"line":1121,"column":0},"end":{"line":1121,"column":37}},"1121":{"start":{"line":1122,"column":0},"end":{"line":1122,"column":18}},"1122":{"start":{"line":1123,"column":0},"end":{"line":1123,"column":25}},"1123":{"start":{"line":1124,"column":0},"end":{"line":1124,"column":37}},"1124":{"start":{"line":1125,"column":0},"end":{"line":1125,"column":37}},"1125":{"start":{"line":1126,"column":0},"end":{"line":1126,"column":18}},"1126":{"start":{"line":1127,"column":0},"end":{"line":1127,"column":23}},"1127":{"start":{"line":1128,"column":0},"end":{"line":1128,"column":37}},"1128":{"start":{"line":1129,"column":0},"end":{"line":1129,"column":37}},"1129":{"start":{"line":1130,"column":0},"end":{"line":1130,"column":18}},"1130":{"start":{"line":1131,"column":0},"end":{"line":1131,"column":18}},"1131":{"start":{"line":1132,"column":0},"end":{"line":1132,"column":32}},"1132":{"start":{"line":1133,"column":0},"end":{"line":1133,"column":32}},"1133":{"start":{"line":1134,"column":0},"end":{"line":1134,"column":9}},"1135":{"start":{"line":1136,"column":0},"end":{"line":1136,"column":66}},"1136":{"start":{"line":1137,"column":0},"end":{"line":1137,"column":62}},"1137":{"start":{"line":1138,"column":0},"end":{"line":1138,"column":9}},"1140":{"start":{"line":1141,"column":0},"end":{"line":1141,"column":39}},"1141":{"start":{"line":1142,"column":0},"end":{"line":1142,"column":38}},"1142":{"start":{"line":1143,"column":0},"end":{"line":1143,"column":38}},"1143":{"start":{"line":1144,"column":0},"end":{"line":1144,"column":65}},"1146":{"start":{"line":1147,"column":0},"end":{"line":1147,"column":36}},"1147":{"start":{"line":1148,"column":0},"end":{"line":1148,"column":23}},"1148":{"start":{"line":1149,"column":0},"end":{"line":1149,"column":20}},"1149":{"start":{"line":1150,"column":0},"end":{"line":1150,"column":25}},"1150":{"start":{"line":1151,"column":0},"end":{"line":1151,"column":16}},"1151":{"start":{"line":1152,"column":0},"end":{"line":1152,"column":8}},"1153":{"start":{"line":1154,"column":0},"end":{"line":1154,"column":31}},"1154":{"start":{"line":1155,"column":0},"end":{"line":1155,"column":28}},"1155":{"start":{"line":1156,"column":0},"end":{"line":1156,"column":44}},"1156":{"start":{"line":1157,"column":0},"end":{"line":1157,"column":56}},"1157":{"start":{"line":1158,"column":0},"end":{"line":1158,"column":9}},"1158":{"start":{"line":1159,"column":0},"end":{"line":1159,"column":26}},"1159":{"start":{"line":1160,"column":0},"end":{"line":1160,"column":79}},"1160":{"start":{"line":1161,"column":0},"end":{"line":1161,"column":9}},"1161":{"start":{"line":1162,"column":0},"end":{"line":1162,"column":30}},"1162":{"start":{"line":1163,"column":0},"end":{"line":1163,"column":48}},"1163":{"start":{"line":1164,"column":0},"end":{"line":1164,"column":60}},"1164":{"start":{"line":1165,"column":0},"end":{"line":1165,"column":9}},"1165":{"start":{"line":1166,"column":0},"end":{"line":1166,"column":24}},"1166":{"start":{"line":1167,"column":0},"end":{"line":1167,"column":46}},"1167":{"start":{"line":1168,"column":0},"end":{"line":1168,"column":59}},"1168":{"start":{"line":1169,"column":0},"end":{"line":1169,"column":13}},"1169":{"start":{"line":1170,"column":0},"end":{"line":1170,"column":9}},"1170":{"start":{"line":1171,"column":0},"end":{"line":1171,"column":9}},"1172":{"start":{"line":1173,"column":0},"end":{"line":1173,"column":22}},"1173":{"start":{"line":1174,"column":0},"end":{"line":1174,"column":30}},"1174":{"start":{"line":1175,"column":0},"end":{"line":1175,"column":19}},"1175":{"start":{"line":1176,"column":0},"end":{"line":1176,"column":45}},"1176":{"start":{"line":1177,"column":0},"end":{"line":1177,"column":14}},"1177":{"start":{"line":1178,"column":0},"end":{"line":1178,"column":8}},"1180":{"start":{"line":1181,"column":0},"end":{"line":1181,"column":46}},"1182":{"start":{"line":1183,"column":0},"end":{"line":1183,"column":20}},"1183":{"start":{"line":1184,"column":0},"end":{"line":1184,"column":6}},"1184":{"start":{"line":1185,"column":0},"end":{"line":1185,"column":56}},"1185":{"start":{"line":1186,"column":0},"end":{"line":1186,"column":4}},"1187":{"start":{"line":1188,"column":0},"end":{"line":1188,"column":33}},"1188":{"start":{"line":1189,"column":0},"end":{"line":1189,"column":68}},"1189":{"start":{"line":1190,"column":0},"end":{"line":1190,"column":27}},"1191":{"start":{"line":1192,"column":0},"end":{"line":1192,"column":21}},"1192":{"start":{"line":1193,"column":0},"end":{"line":1193,"column":25}},"1193":{"start":{"line":1194,"column":0},"end":{"line":1194,"column":20}},"1194":{"start":{"line":1195,"column":0},"end":{"line":1195,"column":63}},"1195":{"start":{"line":1196,"column":0},"end":{"line":1196,"column":65}},"1196":{"start":{"line":1197,"column":0},"end":{"line":1197,"column":16}},"1197":{"start":{"line":1198,"column":0},"end":{"line":1198,"column":24}},"1198":{"start":{"line":1199,"column":0},"end":{"line":1199,"column":20}},"1199":{"start":{"line":1200,"column":0},"end":{"line":1200,"column":36}},"1200":{"start":{"line":1201,"column":0},"end":{"line":1201,"column":63}},"1201":{"start":{"line":1202,"column":0},"end":{"line":1202,"column":15}},"1202":{"start":{"line":1203,"column":0},"end":{"line":1203,"column":36}},"1203":{"start":{"line":1204,"column":0},"end":{"line":1204,"column":64}},"1204":{"start":{"line":1205,"column":0},"end":{"line":1205,"column":16}},"1205":{"start":{"line":1206,"column":0},"end":{"line":1206,"column":16}},"1206":{"start":{"line":1207,"column":0},"end":{"line":1207,"column":26}},"1207":{"start":{"line":1208,"column":0},"end":{"line":1208,"column":20}},"1208":{"start":{"line":1209,"column":0},"end":{"line":1209,"column":36}},"1209":{"start":{"line":1210,"column":0},"end":{"line":1210,"column":62}},"1210":{"start":{"line":1211,"column":0},"end":{"line":1211,"column":15}},"1211":{"start":{"line":1212,"column":0},"end":{"line":1212,"column":36}},"1212":{"start":{"line":1213,"column":0},"end":{"line":1213,"column":63}},"1213":{"start":{"line":1214,"column":0},"end":{"line":1214,"column":16}},"1214":{"start":{"line":1215,"column":0},"end":{"line":1215,"column":16}},"1215":{"start":{"line":1216,"column":0},"end":{"line":1216,"column":7}},"1217":{"start":{"line":1218,"column":0},"end":{"line":1218,"column":14}},"1218":{"start":{"line":1219,"column":0},"end":{"line":1219,"column":13}},"1219":{"start":{"line":1220,"column":0},"end":{"line":1220,"column":25}},"1220":{"start":{"line":1221,"column":0},"end":{"line":1221,"column":44}},"1221":{"start":{"line":1222,"column":0},"end":{"line":1222,"column":13}},"1222":{"start":{"line":1223,"column":0},"end":{"line":1223,"column":19}},"1223":{"start":{"line":1224,"column":0},"end":{"line":1224,"column":48}},"1224":{"start":{"line":1225,"column":0},"end":{"line":1225,"column":32}},"1225":{"start":{"line":1226,"column":0},"end":{"line":1226,"column":9}},"1226":{"start":{"line":1227,"column":0},"end":{"line":1227,"column":8}},"1227":{"start":{"line":1228,"column":0},"end":{"line":1228,"column":6}},"1228":{"start":{"line":1229,"column":0},"end":{"line":1229,"column":37}},"1229":{"start":{"line":1230,"column":0},"end":{"line":1230,"column":4}},"1231":{"start":{"line":1232,"column":0},"end":{"line":1232,"column":33}},"1232":{"start":{"line":1233,"column":0},"end":{"line":1233,"column":62}},"1233":{"start":{"line":1234,"column":0},"end":{"line":1234,"column":36}},"1234":{"start":{"line":1235,"column":0},"end":{"line":1235,"column":22}},"1235":{"start":{"line":1236,"column":0},"end":{"line":1236,"column":21}},"1236":{"start":{"line":1237,"column":0},"end":{"line":1237,"column":20}},"1237":{"start":{"line":1238,"column":0},"end":{"line":1238,"column":19}},"1238":{"start":{"line":1239,"column":0},"end":{"line":1239,"column":21}},"1239":{"start":{"line":1240,"column":0},"end":{"line":1240,"column":8}},"1241":{"start":{"line":1242,"column":0},"end":{"line":1242,"column":43}},"1242":{"start":{"line":1243,"column":0},"end":{"line":1243,"column":13}},"1243":{"start":{"line":1244,"column":0},"end":{"line":1244,"column":36}},"1244":{"start":{"line":1245,"column":0},"end":{"line":1245,"column":29}},"1246":{"start":{"line":1247,"column":0},"end":{"line":1247,"column":60}},"1247":{"start":{"line":1248,"column":0},"end":{"line":1248,"column":63}},"1248":{"start":{"line":1249,"column":0},"end":{"line":1249,"column":16}},"1249":{"start":{"line":1250,"column":0},"end":{"line":1250,"column":37}},"1250":{"start":{"line":1251,"column":0},"end":{"line":1251,"column":39}},"1251":{"start":{"line":1252,"column":0},"end":{"line":1252,"column":34}},"1252":{"start":{"line":1253,"column":0},"end":{"line":1253,"column":38}},"1253":{"start":{"line":1254,"column":0},"end":{"line":1254,"column":31}},"1254":{"start":{"line":1255,"column":0},"end":{"line":1255,"column":51}},"1255":{"start":{"line":1256,"column":0},"end":{"line":1256,"column":37}},"1256":{"start":{"line":1257,"column":0},"end":{"line":1257,"column":40}},"1257":{"start":{"line":1258,"column":0},"end":{"line":1258,"column":36}},"1258":{"start":{"line":1259,"column":0},"end":{"line":1259,"column":19}},"1259":{"start":{"line":1260,"column":0},"end":{"line":1260,"column":37}},"1260":{"start":{"line":1261,"column":0},"end":{"line":1261,"column":34}},"1261":{"start":{"line":1262,"column":0},"end":{"line":1262,"column":36}},"1262":{"start":{"line":1263,"column":0},"end":{"line":1263,"column":47}},"1263":{"start":{"line":1264,"column":0},"end":{"line":1264,"column":19}},"1264":{"start":{"line":1265,"column":0},"end":{"line":1265,"column":25}},"1265":{"start":{"line":1266,"column":0},"end":{"line":1266,"column":15}},"1267":{"start":{"line":1268,"column":0},"end":{"line":1268,"column":66}},"1268":{"start":{"line":1269,"column":0},"end":{"line":1269,"column":24}},"1269":{"start":{"line":1270,"column":0},"end":{"line":1270,"column":42}},"1270":{"start":{"line":1271,"column":0},"end":{"line":1271,"column":31}},"1271":{"start":{"line":1272,"column":0},"end":{"line":1272,"column":52}},"1272":{"start":{"line":1273,"column":0},"end":{"line":1273,"column":51}},"1273":{"start":{"line":1274,"column":0},"end":{"line":1274,"column":17}},"1275":{"start":{"line":1276,"column":0},"end":{"line":1276,"column":36}},"1276":{"start":{"line":1277,"column":0},"end":{"line":1277,"column":37}},"1277":{"start":{"line":1278,"column":0},"end":{"line":1278,"column":41}},"1278":{"start":{"line":1279,"column":0},"end":{"line":1279,"column":34}},"1279":{"start":{"line":1280,"column":0},"end":{"line":1280,"column":33}},"1280":{"start":{"line":1281,"column":0},"end":{"line":1281,"column":17}},"1281":{"start":{"line":1282,"column":0},"end":{"line":1282,"column":20}},"1283":{"start":{"line":1284,"column":0},"end":{"line":1284,"column":28}},"1284":{"start":{"line":1285,"column":0},"end":{"line":1285,"column":30}},"1286":{"start":{"line":1287,"column":0},"end":{"line":1287,"column":58}},"1287":{"start":{"line":1288,"column":0},"end":{"line":1288,"column":63}},"1288":{"start":{"line":1289,"column":0},"end":{"line":1289,"column":16}},"1289":{"start":{"line":1290,"column":0},"end":{"line":1290,"column":36}},"1290":{"start":{"line":1291,"column":0},"end":{"line":1291,"column":39}},"1291":{"start":{"line":1292,"column":0},"end":{"line":1292,"column":34}},"1292":{"start":{"line":1293,"column":0},"end":{"line":1293,"column":38}},"1293":{"start":{"line":1294,"column":0},"end":{"line":1294,"column":31}},"1294":{"start":{"line":1295,"column":0},"end":{"line":1295,"column":50}},"1295":{"start":{"line":1296,"column":0},"end":{"line":1296,"column":37}},"1296":{"start":{"line":1297,"column":0},"end":{"line":1297,"column":40}},"1297":{"start":{"line":1298,"column":0},"end":{"line":1298,"column":36}},"1298":{"start":{"line":1299,"column":0},"end":{"line":1299,"column":19}},"1299":{"start":{"line":1300,"column":0},"end":{"line":1300,"column":37}},"1300":{"start":{"line":1301,"column":0},"end":{"line":1301,"column":34}},"1301":{"start":{"line":1302,"column":0},"end":{"line":1302,"column":40}},"1302":{"start":{"line":1303,"column":0},"end":{"line":1303,"column":47}},"1303":{"start":{"line":1304,"column":0},"end":{"line":1304,"column":19}},"1304":{"start":{"line":1305,"column":0},"end":{"line":1305,"column":25}},"1305":{"start":{"line":1306,"column":0},"end":{"line":1306,"column":15}},"1307":{"start":{"line":1308,"column":0},"end":{"line":1308,"column":64}},"1308":{"start":{"line":1309,"column":0},"end":{"line":1309,"column":24}},"1309":{"start":{"line":1310,"column":0},"end":{"line":1310,"column":42}},"1310":{"start":{"line":1311,"column":0},"end":{"line":1311,"column":31}},"1311":{"start":{"line":1312,"column":0},"end":{"line":1312,"column":52}},"1312":{"start":{"line":1313,"column":0},"end":{"line":1313,"column":51}},"1313":{"start":{"line":1314,"column":0},"end":{"line":1314,"column":17}},"1315":{"start":{"line":1316,"column":0},"end":{"line":1316,"column":36}},"1316":{"start":{"line":1317,"column":0},"end":{"line":1317,"column":36}},"1317":{"start":{"line":1318,"column":0},"end":{"line":1318,"column":40}},"1318":{"start":{"line":1319,"column":0},"end":{"line":1319,"column":38}},"1319":{"start":{"line":1320,"column":0},"end":{"line":1320,"column":33}},"1320":{"start":{"line":1321,"column":0},"end":{"line":1321,"column":17}},"1321":{"start":{"line":1322,"column":0},"end":{"line":1322,"column":20}},"1322":{"start":{"line":1323,"column":0},"end":{"line":1323,"column":11}},"1323":{"start":{"line":1324,"column":0},"end":{"line":1324,"column":25}},"1324":{"start":{"line":1325,"column":0},"end":{"line":1325,"column":30}},"1325":{"start":{"line":1326,"column":0},"end":{"line":1326,"column":17}},"1326":{"start":{"line":1327,"column":0},"end":{"line":1327,"column":77}},"1327":{"start":{"line":1328,"column":0},"end":{"line":1328,"column":45}},"1328":{"start":{"line":1329,"column":0},"end":{"line":1329,"column":30}},"1329":{"start":{"line":1330,"column":0},"end":{"line":1330,"column":13}},"1330":{"start":{"line":1331,"column":0},"end":{"line":1331,"column":33}},"1331":{"start":{"line":1332,"column":0},"end":{"line":1332,"column":9}},"1332":{"start":{"line":1333,"column":0},"end":{"line":1333,"column":7}},"1335":{"start":{"line":1336,"column":0},"end":{"line":1336,"column":39}},"1336":{"start":{"line":1337,"column":0},"end":{"line":1337,"column":46}},"1337":{"start":{"line":1338,"column":0},"end":{"line":1338,"column":62}},"1338":{"start":{"line":1339,"column":0},"end":{"line":1339,"column":26}},"1339":{"start":{"line":1340,"column":0},"end":{"line":1340,"column":69}},"1340":{"start":{"line":1341,"column":0},"end":{"line":1341,"column":28}},"1341":{"start":{"line":1342,"column":0},"end":{"line":1342,"column":57}},"1342":{"start":{"line":1343,"column":0},"end":{"line":1343,"column":65}},"1343":{"start":{"line":1344,"column":0},"end":{"line":1344,"column":16}},"1344":{"start":{"line":1345,"column":0},"end":{"line":1345,"column":60}},"1345":{"start":{"line":1346,"column":0},"end":{"line":1346,"column":26}},"1346":{"start":{"line":1347,"column":0},"end":{"line":1347,"column":68}},"1347":{"start":{"line":1348,"column":0},"end":{"line":1348,"column":27}},"1348":{"start":{"line":1349,"column":0},"end":{"line":1349,"column":57}},"1349":{"start":{"line":1350,"column":0},"end":{"line":1350,"column":63}},"1350":{"start":{"line":1351,"column":0},"end":{"line":1351,"column":9}},"1351":{"start":{"line":1352,"column":0},"end":{"line":1352,"column":7}},"1353":{"start":{"line":1354,"column":0},"end":{"line":1354,"column":20}},"1354":{"start":{"line":1355,"column":0},"end":{"line":1355,"column":6}},"1355":{"start":{"line":1356,"column":0},"end":{"line":1356,"column":37}},"1356":{"start":{"line":1357,"column":0},"end":{"line":1357,"column":4}},"1358":{"start":{"line":1359,"column":0},"end":{"line":1359,"column":43}},"1359":{"start":{"line":1360,"column":0},"end":{"line":1360,"column":69}},"1360":{"start":{"line":1361,"column":0},"end":{"line":1361,"column":63}},"1361":{"start":{"line":1362,"column":0},"end":{"line":1362,"column":36}},"1362":{"start":{"line":1363,"column":0},"end":{"line":1363,"column":27}},"1364":{"start":{"line":1365,"column":0},"end":{"line":1365,"column":33}},"1365":{"start":{"line":1366,"column":0},"end":{"line":1366,"column":64}},"1366":{"start":{"line":1367,"column":0},"end":{"line":1367,"column":32}},"1367":{"start":{"line":1368,"column":0},"end":{"line":1368,"column":78}},"1368":{"start":{"line":1369,"column":0},"end":{"line":1369,"column":11}},"1369":{"start":{"line":1370,"column":0},"end":{"line":1370,"column":10}},"1371":{"start":{"line":1372,"column":0},"end":{"line":1372,"column":45}},"1372":{"start":{"line":1373,"column":0},"end":{"line":1373,"column":54}},"1373":{"start":{"line":1374,"column":0},"end":{"line":1374,"column":28}},"1374":{"start":{"line":1375,"column":0},"end":{"line":1375,"column":24}},"1375":{"start":{"line":1376,"column":0},"end":{"line":1376,"column":80}},"1376":{"start":{"line":1377,"column":0},"end":{"line":1377,"column":12}},"1377":{"start":{"line":1378,"column":0},"end":{"line":1378,"column":9}},"1379":{"start":{"line":1380,"column":0},"end":{"line":1380,"column":60}},"1380":{"start":{"line":1381,"column":0},"end":{"line":1381,"column":53}},"1381":{"start":{"line":1382,"column":0},"end":{"line":1382,"column":10}},"1383":{"start":{"line":1384,"column":0},"end":{"line":1384,"column":47}},"1384":{"start":{"line":1385,"column":0},"end":{"line":1385,"column":58}},"1385":{"start":{"line":1386,"column":0},"end":{"line":1386,"column":28}},"1386":{"start":{"line":1387,"column":0},"end":{"line":1387,"column":24}},"1387":{"start":{"line":1388,"column":0},"end":{"line":1388,"column":78}},"1388":{"start":{"line":1389,"column":0},"end":{"line":1389,"column":12}},"1389":{"start":{"line":1390,"column":0},"end":{"line":1390,"column":9}},"1390":{"start":{"line":1391,"column":0},"end":{"line":1391,"column":7}},"1392":{"start":{"line":1393,"column":0},"end":{"line":1393,"column":14}},"1393":{"start":{"line":1394,"column":0},"end":{"line":1394,"column":18}},"1394":{"start":{"line":1395,"column":0},"end":{"line":1395,"column":21}},"1395":{"start":{"line":1396,"column":0},"end":{"line":1396,"column":16}},"1396":{"start":{"line":1397,"column":0},"end":{"line":1397,"column":8}},"1397":{"start":{"line":1398,"column":0},"end":{"line":1398,"column":6}},"1398":{"start":{"line":1399,"column":0},"end":{"line":1399,"column":20}},"1399":{"start":{"line":1400,"column":0},"end":{"line":1400,"column":4}},"1401":{"start":{"line":1402,"column":0},"end":{"line":1402,"column":36}},"1402":{"start":{"line":1403,"column":0},"end":{"line":1403,"column":64}},"1405":{"start":{"line":1406,"column":0},"end":{"line":1406,"column":14}},"1406":{"start":{"line":1407,"column":0},"end":{"line":1407,"column":21}},"1407":{"start":{"line":1408,"column":0},"end":{"line":1408,"column":25}},"1408":{"start":{"line":1409,"column":0},"end":{"line":1409,"column":21}},"1409":{"start":{"line":1410,"column":0},"end":{"line":1410,"column":28}},"1410":{"start":{"line":1411,"column":0},"end":{"line":1411,"column":34}},"1411":{"start":{"line":1412,"column":0},"end":{"line":1412,"column":27}},"1412":{"start":{"line":1413,"column":0},"end":{"line":1413,"column":18}},"1413":{"start":{"line":1414,"column":0},"end":{"line":1414,"column":8}},"1414":{"start":{"line":1415,"column":0},"end":{"line":1415,"column":6}},"1415":{"start":{"line":1416,"column":0},"end":{"line":1416,"column":6}},"1416":{"start":{"line":1417,"column":0},"end":{"line":1417,"column":4}},"1418":{"start":{"line":1419,"column":0},"end":{"line":1419,"column":36}},"1419":{"start":{"line":1420,"column":0},"end":{"line":1420,"column":78}},"1420":{"start":{"line":1421,"column":0},"end":{"line":1421,"column":41}},"1421":{"start":{"line":1422,"column":0},"end":{"line":1422,"column":17}},"1422":{"start":{"line":1423,"column":0},"end":{"line":1423,"column":77}},"1423":{"start":{"line":1424,"column":0},"end":{"line":1424,"column":43}},"1424":{"start":{"line":1425,"column":0},"end":{"line":1425,"column":8}},"1428":{"start":{"line":1429,"column":0},"end":{"line":1429,"column":38}},"1429":{"start":{"line":1430,"column":0},"end":{"line":1430,"column":6}},"1430":{"start":{"line":1431,"column":0},"end":{"line":1431,"column":20}},"1431":{"start":{"line":1432,"column":0},"end":{"line":1432,"column":4}},"1433":{"start":{"line":1434,"column":0},"end":{"line":1434,"column":42}},"1434":{"start":{"line":1435,"column":0},"end":{"line":1435,"column":10}},"1435":{"start":{"line":1436,"column":0},"end":{"line":1436,"column":14}},"1436":{"start":{"line":1437,"column":0},"end":{"line":1437,"column":22}},"1437":{"start":{"line":1438,"column":0},"end":{"line":1438,"column":18}},"1438":{"start":{"line":1439,"column":0},"end":{"line":1439,"column":23}},"1439":{"start":{"line":1440,"column":0},"end":{"line":1440,"column":23}},"1440":{"start":{"line":1441,"column":0},"end":{"line":1441,"column":17}},"1441":{"start":{"line":1442,"column":0},"end":{"line":
[...]
,"/Users/nocfer/Documents/git/nocfer/progressive-workout-expo/lib/utils/format.ts": {"path":"/Users/nocfer/Documents/git/nocfer/progressive-workout-expo/lib/utils/format.ts","all":false,"statementMap":{"7":{"start":{"line":8,"column":0},"end":{"line":8,"column":51}},"8":{"start":{"line":9,"column":0},"end":{"line":9,"column":35}},"9":{"start":{"line":10,"column":0},"end":{"line":10,"column":23}},"10":{"start":{"line":11,"column":0},"end":{"line":11,"column":49}},"11":{"start":{"line":12,"column":0},"end":{"line":12,"column":1}},"20":{"start":{"line":21,"column":0},"end":{"line":21,"column":31}},"21":{"start":{"line":22,"column":0},"end":{"line":22,"column":18}},"22":{"start":{"line":23,"column":0},"end":{"line":23,"column":35}},"23":{"start":{"line":24,"column":0},"end":{"line":24,"column":11}},"24":{"start":{"line":25,"column":0},"end":{"line":25,"column":43}},"25":{"start":{"line":26,"column":0},"end":{"line":26,"column":52}},"27":{"start":{"line":28,"column":0},"end":{"line":28,"column":26}},"29":{"start":{"line":30,"column":0},"end":{"line":30,"column":61}},"30":{"start":{"line":31,"column":0},"end":{"line":31,"column":3}},"33":{"start":{"line":34,"column":0},"end":{"line":34,"column":50}},"34":{"start":{"line":35,"column":0},"end":{"line":35,"column":58}},"36":{"start":{"line":37,"column":0},"end":{"line":37,"column":18}},"37":{"start":{"line":38,"column":0},"end":{"line":38,"column":22}},"38":{"start":{"line":39,"column":0},"end":{"line":39,"column":55}},"39":{"start":{"line":40,"column":0},"end":{"line":40,"column":31}},"40":{"start":{"line":41,"column":0},"end":{"line":41,"column":3}},"41":{"start":{"line":42,"column":0},"end":{"line":42,"column":36}},"42":{"start":{"line":43,"column":0},"end":{"line":43,"column":1}},"47":{"start":{"line":48,"column":0},"end":{"line":48,"column":51}},"48":{"start":{"line":49,"column":0},"end":{"line":49,"column":49}},"49":{"start":{"line":50,"column":0},"end":{"line":50,"column":1}},"58":{"start":{"line":59,"column":0},"end":{"line":59,"column":28}},"59":{"start":{"line":60,"column":0},"end":{"line":60,"column":16}},"60":{"start":{"line":61,"column":0},"end":{"line":61,"column":19}},"61":{"start":{"line":62,"column":0},"end":{"line":62,"column":17}},"62":{"start":{"line":63,"column":0},"end":{"line":63,"column":11}},"63":{"start":{"line":64,"column":0},"end":{"line":64,"column":67}},"64":{"start":{"line":65,"column":0},"end":{"line":65,"column":28}},"65":{"start":{"line":66,"column":0},"end":{"line":66,"column":1}}},"s":{"7":1,"8":8,"9":8,"10":8,"11":8,"20":1,"21":0,"22":0,"23":0,"24":0,"25":0,"27":0,"29":0,"30":0,"33":0,"34":0,"36":0,"37":0,"38":0,"39":0,"40":0,"41":0,"42":0,"47":1,"48":4,"49":4,"58":1,"59":0,"60":0,"61":0,"62":0,"63":0,"64":0,"65":0},"branchMap":{"0":{"type":"branch","line":8,"loc":{"start":{"line":8,"column":7},"end":{"line":12,"column":1}},"locations":[{"start":{"line":8,"column":7},"end":{"line":12,"column":1}}]},"1":{"type":"branch","line":48,"loc":{"start":{"line":48,"column":7},"end":{"line":50,"column":1}},"locations":[{"start":{"line":48,"column":7},"end":{"line":50,"column":1}}]},"2":{"type":"branch","line":49,"loc":{"start":{"line":49,"column":19},"end":{"line":49,"column":33}},"locations":[{"start":{"line":49,"column":19},"end":{"line":49,"column":33}}]},"3":{"type":"branch","line":49,"loc":{"start":{"line":49,"column":23},"end":{"line":49,"column":49}},"locations":[{"start":{"line":49,"column":23},"end":{"line":49,"column":49}}]}},"b":{"0":[8],"1":[4],"2":[1],"3":[3]},"fnMap":{"0":{"name":"formatTime","decl":{"start":{"line":8,"column":7},"end":{"line":12,"column":1}},"loc":{"start":{"line":8,"column":7},"end":{"line":12,"column":1}},"line":8},"1":{"name":"formatDuration","decl":{"start":{"line":21,"column":7},"end":{"line":43,"column":1}},"loc":{"start":{"line":21,"column":7},"end":{"line":43,"column":1}},"line":21},"2":{"name":"formatReps","decl":{"start":{"line":48,"column":7},"end":{"line":50,"column":1}},"loc":{"start":{"line":48,"column":7},"end":{"line":50,"column":1}},"line":48},"3":{"name":"formatCount","decl":{"start":{"line":59,"column":7},"end":{"line":66,"column":1}},"loc":{"start":{"line":59,"column":7},"end":{"line":66,"column":1}},"line":59}},"f":{"0":8,"1":0,"2":4,"3":0}}
,"/Users/nocfer/Documents/git/nocfer/progressive-workout-expo/lib/utils/index.ts": {"path":"/Users/nocfer/Documents/git/nocfer/progressive-workout-expo/lib/utils/index.ts","all":true,"statementMap":{"0":{"start":{"line":1,"column":0},"end":{"line":1,"column":3}}},"s":{"0":0},"branchMap":{"0":{"type":"branch","line":1,"loc":{"start":{"line":1,"column":161},"end":{"line":6,"column":50}},"locations":[{"start":{"line":1,"column":161},"end":{"line":6,"column":50}}]}},"b":{"0":[0]},"fnMap":{"0":{"name":"(empty-report)","decl":{"start":{"line":1,"column":161},"end":{"line":6,"column":50}},"loc":{"start":{"line":1,"column":161},"end":{"line":6,"column":50}},"line":1}},"f":{"0":0}}
,"/Users/nocfer/Documents/git/nocfer/progressive-workout-expo/lib/utils/programShare.ts": {"path":"/Users/nocfer/Documents/git/nocfer/progressive-workout-expo/lib/utils/programShare.ts","all":true,"statementMap":{"20":{"start":{"line":21,"column":0},"end":{"line":21,"column":65}},"21":{"start":{"line":22,"column":0},"end":{"line":22,"column":43}},"22":{"start":{"line":23,"column":0},"end":{"line":23,"column":23}},"23":{"start":{"line":24,"column":0},"end":{"line":24,"column":37}},"24":{"start":{"line":25,"column":0},"end":{"line":25,"column":31}},"25":{"start":{"line":26,"column":0},"end":{"line":26,"column":63}},"26":{"start":{"line":27,"column":0},"end":{"line":27,"column":44}},"27":{"start":{"line":28,"column":0},"end":{"line":28,"column":4}},"29":{"start":{"line":30,"column":0},"end":{"line":30,"column":35}},"30":{"start":{"line":31,"column":0},"end":{"line":31,"column":1}},"36":{"start":{"line":37,"column":0},"end":{"line":37,"column":76}},"37":{"start":{"line":38,"column":0},"end":{"line":38,"column":7}},"38":{"start":{"line":39,"column":0},"end":{"line":39,"column":36}},"40":{"start":{"line":41,"column":0},"end":{"line":41,"column":39}},"41":{"start":{"line":42,"column":0},"end":{"line":42,"column":56}},"42":{"start":{"line":43,"column":0},"end":{"line":43,"column":5}},"44":{"start":{"line":45,"column":0},"end":{"line":45,"column":42}},"45":{"start":{"line":46,"column":0},"end":{"line":46,"column":19}},"46":{"start":{"line":47,"column":0},"end":{"line":47,"column":39}},"47":{"start":{"line":48,"column":0},"end":{"line":48,"column":45}},"48":{"start":{"line":49,"column":0},"end":{"line":49,"column":5}},"49":{"start":{"line":50,"column":0},"end":{"line":50,"column":16}},"50":{"start":{"line":51,"column":0},"end":{"line":51,"column":3}},"51":{"start":{"line":52,"column":0},"end":{"line":52,"column":1}},"56":{"start":{"line":57,"column":0},"end":{"line":57,"column":36}},"57":{"start":{"line":58,"column":0},"end":{"line":58,"column":15}},"58":{"start":{"line":59,"column":0},"end":{"line":59,"column":33}},"59":{"start":{"line":60,"column":0},"end":{"line":60,"column":42}},"60":{"start":{"line":61,"column":0},"end":{"line":61,"column":17}},"61":{"start":{"line":62,"column":0},"end":{"line":62,"column":3}},"63":{"start":{"line":64,"column":0},"end":{"line":64,"column":46}},"66":{"start":{"line":67,"column":0},"end":{"line":67,"column":69}},"67":{"start":{"line":68,"column":0},"end":{"line":68,"column":17}},"68":{"start":{"line":69,"column":0},"end":{"line":69,"column":3}},"71":{"start":{"line":72,"column":0},"end":{"line":72,"column":37}},"72":{"start":{"line":73,"column":0},"end":{"line":73,"column":17}},"73":{"start":{"line":74,"column":0},"end":{"line":74,"column":3}},"77":{"start":{"line":78,"column":0},"end":{"line":78,"column":56}},"78":{"start":{"line":79,"column":0},"end":{"line":79,"column":50}},"79":{"start":{"line":80,"column":0},"end":{"line":80,"column":17}},"80":{"start":{"line":81,"column":0},"end":{"line":81,"column":3}},"83":{"start":{"line":84,"column":0},"end":{"line":84,"column":39}},"84":{"start":{"line":85,"column":0},"end":{"line":85,"column":50}},"85":{"start":{"line":86,"column":0},"end":{"line":86,"column":19}},"86":{"start":{"line":87,"column":0},"end":{"line":87,"column":5}},"88":{"start":{"line":89,"column":0},"end":{"line":89,"column":58}},"91":{"start":{"line":92,"column":0},"end":{"line":92,"column":8}},"92":{"start":{"line":93,"column":0},"end":{"line":93,"column":39}},"93":{"start":{"line":94,"column":0},"end":{"line":94,"column":42}},"94":{"start":{"line":95,"column":0},"end":{"line":95,"column":7}},"95":{"start":{"line":96,"column":0},"end":{"line":96,"column":19}},"96":{"start":{"line":97,"column":0},"end":{"line":97,"column":5}},"99":{"start":{"line":100,"column":0},"end":{"line":100,"column":79}},"100":{"start":{"line":101,"column":0},"end":{"line":101,"column":19}},"101":{"start":{"line":102,"column":0},"end":{"line":102,"column":5}},"104":{"start":{"line":105,"column":0},"end":{"line":105,"column":44}},"105":{"start":{"line":106,"column":0},"end":{"line":106,"column":19}},"106":{"start":{"line":107,"column":0},"end":{"line":107,"column":5}},"109":{"start":{"line":110,"column":0},"end":{"line":110,"column":44}},"110":{"start":{"line":111,"column":0},"end":{"line":111,"column":48}},"111":{"start":{"line":112,"column":0},"end":{"line":112,"column":21}},"112":{"start":{"line":113,"column":0},"end":{"line":113,"column":7}},"114":{"start":{"line":115,"column":0},"end":{"line":115,"column":56}},"117":{"start":{"line":118,"column":0},"end":{"line":118,"column":10}},"118":{"start":{"line":119,"column":0},"end":{"line":119,"column":37}},"119":{"start":{"line":120,"column":0},"end":{"line":120,"column":39}},"120":{"start":{"line":121,"column":0},"end":{"line":121,"column":32}},"121":{"start":{"line":122,"column":0},"end":{"line":122,"column":9}},"122":{"start":{"line":123,"column":0},"end":{"line":123,"column":21}},"123":{"start":{"line":124,"column":0},"end":{"line":124,"column":7}},"126":{"start":{"line":127,"column":0},"end":{"line":127,"column":41}},"127":{"start":{"line":128,"column":0},"end":{"line":128,"column":54}},"128":{"start":{"line":129,"column":0},"end":{"line":129,"column":23}},"129":{"start":{"line":130,"column":0},"end":{"line":130,"column":9}},"130":{"start":{"line":131,"column":0},"end":{"line":131,"column":7}},"133":{"start":{"line":134,"column":0},"end":{"line":134,"column":67}},"134":{"start":{"line":135,"column":0},"end":{"line":135,"column":51}},"135":{"start":{"line":136,"column":0},"end":{"line":136,"column":23}},"136":{"start":{"line":137,"column":0},"end":{"line":137,"column":9}},"137":{"start":{"line":138,"column":0},"end":{"line":138,"column":7}},"138":{"start":{"line":139,"column":0},"end":{"line":139,"column":5}},"139":{"start":{"line":140,"column":0},"end":{"line":140,"column":3}},"142":{"start":{"line":143,"column":0},"end":{"line":143,"column":77}},"143":{"start":{"line":144,"column":0},"end":{"line":144,"column":17}},"144":{"start":{"line":145,"column":0},"end":{"line":145,"column":3}},"147":{"start":{"line":148,"column":0},"end":{"line":148,"column":6}},"148":{"start":{"line":149,"column":0},"end":{"line":149,"column":31}},"149":{"start":{"line":150,"column":0},"end":{"line":150,"column":31}},"150":{"start":{"line":151,"column":0},"end":{"line":151,"column":25}},"151":{"start":{"line":152,"column":0},"end":{"line":152,"column":5}},"152":{"start":{"line":153,"column":0},"end":{"line":153,"column":17}},"153":{"start":{"line":154,"column":0},"end":{"line":154,"column":3}},"156":{"start":{"line":157,"column":0},"end":{"line":157,"column":42}},"157":{"start":{"line":158,"column":0},"end":{"line":158,"column":74}},"158":{"start":{"line":159,"column":0},"end":{"line":159,"column":19}},"159":{"start":{"line":160,"column":0},"end":{"line":160,"column":5}},"161":{"start":{"line":162,"column":0},"end":{"line":162,"column":66}},"162":{"start":{"line":163,"column":0},"end":{"line":163,"column":48}},"163":{"start":{"line":164,"column":0},"end":{"line":164,"column":19}},"164":{"start":{"line":165,"column":0},"end":{"line":165,"column":5}},"165":{"start":{"line":166,"column":0},"end":{"line":166,"column":42}},"166":{"start":{"line":167,"column":0},"end":{"line":167,"column":19}},"167":{"start":{"line":168,"column":0},"end":{"line":168,"column":5}},"168":{"start":{"line":169,"column":0},"end":{"line":169,"column":48}},"169":{"start":{"line":170,"column":0},"end":{"line":170,"column":19}},"170":{"start":{"line":171,"column":0},"end":{"line":171,"column":5}},"171":{"start":{"line":172,"column":0},"end":{"line":172,"column":51}},"172":{"start":{"line":173,"column":0},"end":{"line":173,"column":19}},"173":{"start":{"line":174,"column":0},"end":{"line":174,"column":5}},"174":{"start":{"line":175,"column":0},"end":{"line":175,"column":50}},"175":{"start":{"line":176,"column":0},"end":{"line":176,"column":19}},"176":{"start":{"line":177,"column":0},"end":{"line":177,"column":5}},"177":{"start":{"line":178,"column":0},"end":{"line":178,"column":3}},"179":{"start":{"line":180,"column":0},"end":{"line":180,"column":14}},"180":{"start":{"line":181,"column":0},"end":{"line":181,"column":1}}},"s":{"20":0,"21":0,"22":0,"23":0,"24":0,"25":0,"26":0,"27":0,"29":0,"30":0,"36":0,"37":0,"38":0,"40":0,"41":0,"42":0,"44":0,"45":0,"46":0,"47":0,"48":0,"49":0,"50":0,"51":0,"56":0,"57":0,"58":0,"59":0,"60":0,"61":0,"63":0,"66":0,"67":0,"68":0,"71":0,"72":0,"73":0,"77":0,"78":0,"79":0,"80":0,"83":0,"84":0,"85":0,"86":0,"88":0,"91":0,"92":0,"93":0,"94":0,"95":0,"96":0,"99":0,"100":0,"101":0,"104":0,"105":0,"106":0,"109":0,"110":0,"111":0,"112":0,"114":0,"117":0,"118":0,"119":0,"120":0,"121":0,"122":0,"123":0,"126":0,"127":0,"128":0,"129":0,"130":0,"133":0,"134":0,"135":0,"136":0,"137":0,"138":0,"139":0,"142":0,"143":0,"144":0,"147":0,"148":0,"149":0,"150":0,"151":0,"152":0,"153":0,"156":0,"157":0,"158":0,"159":0,"161":0,"162":0,"163":0,"164":0,"165":0,"166":0,"167":0,"168":0,"169":0,"170":0,"171":0,"172":0,"173":0,"174":0,"175":0,"176":0,"177":0,"179":0,"180":0},"branchMap":{"0":{"type":"branch","line":1,"loc":{"start":{"line":1,"column":4568},"end":{"line":181,"column":1}},"locations":[{"start":{"line":1,"column":4568},"end":{"line":181,"column":1}}]}},"b":{"0":[1]},"fnMap":{"0":{"name":"(empty-report)","decl":{"start":{"line":1,"column":4568},"end":{"line":181,"column":1}},"loc":{"start":{"line":1,"column":4568},"end":{"line":181,"column":1}},"line":1}},"f":{"0":1}}
,"/Users/nocfer/Documents/git/nocfer/progressive-workout-expo/lib/utils/progress.ts": {"path":"/Users/nocfer/Documents/git/nocfer/progressive-workout-expo/lib/utils/progress.ts","all":true,"statementMap":{"18":{"start":{"line":19,"column":0},"end":{"line":19,"column":77}},"19":{"start":{"line":20,"column":0},"end":{"line":20,"column":66}},"21":{"start":{"line":22,"column":0},"end":{"line":22,"column":39}},"22":{"start":{"line":23,"column":0},"end":{"line":23,"column":13}},"23":{"start":{"line":24,"column":0},"end":{"line":24,"column":3}},"26":{"start":{"line":27,"column":0},"end":{"line":27,"column":51}},"27":{"start":{"line":28,"column":0},"end":{"line":28,"column":13}},"28":{"start":{"line":29,"column":0},"end":{"line":29,"column":47}},"29":{"start":{"line":30,"column":0},"end":{"line":30,"column":45}},"30":{"start":{"line":31,"column":0},"end":{"line":31,"column":4}},"32":{"start":{"line":33,"column":0},"end":{"line":33,"column":27}},"33":{"start":{"line":34,"column":0},"end":{"line":34,"column":29}},"35":{"start":{"line":36,"column":0},"end":{"line":36,"column":24}},"36":{"start":{"line":37,"column":0},"end":{"line":37,"column":34}},"38":{"start":{"line":39,"column":0},"end":{"line":39,"column":39}},"39":{"start":{"line":40,"column":0},"end":{"line":40,"column":39}},"41":{"start":{"line":42,"column":0},"end":{"line":42,"column":54}},"42":{"start":{"line":43,"column":0},"end":{"line":43,"column":37}},"44":{"start":{"line":45,"column":0},"end":{"line":45,"column":32}},"45":{"start":{"line":46,"column":0},"end":{"line":46,"column":75}},"46":{"start":{"line":47,"column":0},"end":{"line":47,"column":6}},"49":{"start":{"line":50,"column":0},"end":{"line":50,"column":67}},"50":{"start":{"line":51,"column":0},"end":{"line":51,"column":22}},"51":{"start":{"line":52,"column":0},"end":{"line":52,"column":40}},"52":{"start":{"line":53,"column":0},"end":{"line":53,"column":49}},"53":{"start":{"line":54,"column":0},"end":{"line":54,"column":12}},"54":{"start":{"line":55,"column":0},"end":{"line":55,"column":12}},"55":{"start":{"line":56,"column":0},"end":{"line":56,"column":5}},"56":{"start":{"line":57,"column":0},"end":{"line":57,"column":3}},"58":{"start":{"line":59,"column":0},"end":{"line":59,"column":23}},"59":{"start":{"line":60,"column":0},"end":{"line":60,"column":1}},"68":{"start":{"line":69,"column":0},"end":{"line":69,"column":37}},"69":{"start":{"line":70,"column":0},"end":{"line":70,"column":32}},"70":{"start":{"line":71,"column":0},"end":{"line":71,"column":23}},"71":{"start":{"line":72,"column":0},"end":{"line":72,"column":18}},"72":{"start":{"line":73,"column":0},"end":{"line":73,"column":44}},"73":{"start":{"line":74,"column":0},"end":{"line":74,"column":35}},"74":{"start":{"line":75,"column":0},"end":{"line":75,"column":15}},"75":{"start":{"line":76,"column":0},"end":{"line":76,"column":5}},"76":{"start":{"line":77,"column":0},"end":{"line":77,"column":3}},"77":{"start":{"line":78,"column":0},"end":{"line":78,"column":14}},"78":{"start":{"line":79,"column":0},"end":{"line":79,"column":1}},"87":{"start":{"line":88,"column":0},"end":{"line":88,"column":46}},"88":{"start":{"line":89,"column":0},"end":{"line":89,"column":20}},"89":{"start":{"line":90,"column":0},"end":{"line":90,"column":15}},"90":{"start":{"line":91,"column":0},"end":{"line":91,"column":11}},"91":{"start":{"line":92,"column":0},"end":{"line":92,"column":27}},"92":{"start":{"line":93,"column":0},"end":{"line":93,"column":35}},"93":{"start":{"line":94,"column":0},"end":{"line":94,"column":1}},"101":{"start":{"line":102,"column":0},"end":{"line":102,"column":33}},"102":{"start":{"line":103,"column":0},"end":{"line":103,"column":36}},"103":{"start":{"line":104,"column":0},"end":{"line":104,"column":16}},"104":{"start":{"line":105,"column":0},"end":{"line":105,"column":34}},"106":{"start":{"line":107,"column":0},"end":{"line":107,"column":35}},"107":{"start":{"line":108,"column":0},"end":{"line":108,"column":30}},"108":{"start":{"line":109,"column":0},"end":{"line":109,"column":50}},"109":{"start":{"line":110,"column":0},"end":{"line":110,"column":5}},"110":{"start":{"line":111,"column":0},"end":{"line":111,"column":3}},"112":{"start":{"line":113,"column":0},"end":{"line":113,"column":15}},"113":{"start":{"line":114,"column":0},"end":{"line":114,"column":1}}},"s":{"18":0,"19":0,"21":0,"22":0,"23":0,"26":0,"27":0,"28":0,"29":0,"30":0,"32":0,"33":0,"35":0,"36":0,"38":0,"39":0,"41":0,"42":0,"44":0,"45":0,"46":0,"49":0,"50":0,"51":0,"52":0,"53":0,"54":0,"55":0,"56":0,"58":0,"59":0,"68":0,"69":0,"70":0,"71":0,"72":0,"73":0,"74":0,"75":0,"76":0,"77":0,"78":0,"87":0,"88":0,"89":0,"90":0,"91":0,"92":0,"93":0,"101":0,"102":0,"103":0,"104":0,"106":0,"107":0,"108":0,"109":0,"110":0,"112":0,"113":0},"branchMap":{"0":{"type":"branch","line":1,"loc":{"start":{"line":1,"column":2954},"end":{"line":114,"column":1}},"locations":[{"start":{"line":1,"column":2954},"end":{"line":114,"column":1}}]}},"b":{"0":[1]},"fnMap":{"0":{"name":"(empty-report)","decl":{"start":{"line":1,"column":2954},"end":{"line":114,"column":1}},"loc":{"start":{"line":1,"column":2954},"end":{"line":114,"column":1}},"line":1}},"f":{"0":1}}
}
